This is pdfTeX, Version 3.14159265-2.6-1.40.20 (MiKTeX 2.9.7000 64-bit) (preloaded format=pdflatex 2019.10.29)  12 DEC 2019 11:31
entering extended mode
**./main.tex
(main.tex
LaTeX2e <2018-12-01>
("C:\Program Files\MiKTeX 2.9\tex/latex/base\report.cls"
Document Class: report 2018/09/03 v1.4i Standard LaTeX document class
("C:\Program Files\MiKTeX 2.9\tex/latex/base\size10.clo"
File: size10.clo 2018/09/03 v1.4i Standard LaTeX file (size option)
)
\c@part=\count80
\c@chapter=\count81
\c@section=\count82
\c@subsection=\count83
\c@subsubsection=\count84
\c@paragraph=\count85
\c@subparagraph=\count86
\c@figure=\count87
\c@table=\count88
\abovecaptionskip=\skip41
\belowcaptionskip=\skip42
\bibindent=\dimen102
)
("C:\Program Files\MiKTeX 2.9\tex/latex/base\inputenc.sty"
Package: inputenc 2018/08/11 v1.3c Input encoding file
\inpenc@prehook=\toks14
\inpenc@posthook=\toks15
)
("C:\Program Files\MiKTeX 2.9\tex/latex/base\fontenc.sty"
Package: fontenc 2018/08/11 v2.0j Standard LaTeX package

("C:\Program Files\MiKTeX 2.9\tex/latex/base\t1enc.def"
File: t1enc.def 2018/08/11 v2.0j Standard LaTeX file
LaTeX Font Info:    Redeclaring font encoding T1 on input line 48.
))
("C:\Program Files\MiKTeX 2.9\tex/generic/babel\babel.sty"
Package: babel 2018/11/13 3.27 The Babel package

("C:\Program Files\MiKTeX 2.9\tex/generic/babel\switch.def"
File: switch.def 2018/11/13 3.27 Babel switching mechanism
)
*************************************
* Local config file bblopts.cfg used
*
("C:\Program Files\MiKTeX 2.9\tex/latex/arabi\bblopts.cfg"
File: bblopts.cfg 2005/09/08 v0.1 add Arabic and Farsi to "declared" options of
 babel
)
("C:\Program Files\MiKTeX 2.9\tex/latex/babel-english\english.ldf"
Language: english 2017/06/06 v3.3r English support from the babel system

("C:\Program Files\MiKTeX 2.9\tex/generic/babel\babel.def"
File: babel.def 2018/11/13 3.27 Babel common definitions
\babel@savecnt=\count89
\U@D=\dimen103

("C:\Program Files\MiKTeX 2.9\tex/generic/babel\txtbabel.def")
\bbl@dirlevel=\count90
)
\l@canadian = a dialect from \language\l@american 
\l@australian = a dialect from \language\l@british 
\l@newzealand = a dialect from \language\l@british 
))
("C:\Program Files\MiKTeX 2.9\tex/latex/fancyhdr\fancyhdr.sty"
Package: fancyhdr 2019/01/31 v3.10 Extensive control of page headers and footer
s
\f@nch@headwidth=\skip43
\f@nch@O@elh=\skip44
\f@nch@O@erh=\skip45
\f@nch@O@olh=\skip46
\f@nch@O@orh=\skip47
\f@nch@O@elf=\skip48
\f@nch@O@erf=\skip49
\f@nch@O@olf=\skip50
\f@nch@O@orf=\skip51
)
("C:\Program Files\MiKTeX 2.9\tex/latex/geometry\geometry.sty"
Package: geometry 2018/04/16 v5.8 Page Geometry

("C:\Program Files\MiKTeX 2.9\tex/latex/graphics\keyval.sty"
Package: keyval 2014/10/28 v1.15 key=value parser (DPC)
\KV@toks@=\toks16
)
("C:\Program Files\MiKTeX 2.9\tex/generic/oberdiek\ifpdf.sty"
Package: ifpdf 2018/09/07 v3.3 Provides the ifpdf switch
)
("C:\Program Files\MiKTeX 2.9\tex/generic/oberdiek\ifvtex.sty"
Package: ifvtex 2016/05/16 v1.6 Detect VTeX and its facilities (HO)
Package ifvtex Info: VTeX not detected.
)
("C:\Program Files\MiKTeX 2.9\tex/generic/ifxetex\ifxetex.sty"
Package: ifxetex 2010/09/12 v0.6 Provides ifxetex conditional
)
\Gm@cnth=\count91
\Gm@cntv=\count92
\c@Gm@tempcnt=\count93
\Gm@bindingoffset=\dimen104
\Gm@wd@mp=\dimen105
\Gm@odd@mp=\dimen106
\Gm@even@mp=\dimen107
\Gm@layoutwidth=\dimen108
\Gm@layoutheight=\dimen109
\Gm@layouthoffset=\dimen110
\Gm@layoutvoffset=\dimen111
\Gm@dimlist=\toks17

("C:\Program Files\MiKTeX 2.9\tex/latex/geometry\geometry.cfg"))
("C:\Program Files\MiKTeX 2.9\tex/latex/appendix\appendix.sty"
Package: appendix 2009/09/02 v1.2b extra appendix facilities
\c@@pps=\count94
\c@@ppsavesec=\count95
\c@@ppsaveapp=\count96
)
("C:\Program Files\MiKTeX 2.9\tex/latex/textpos\textpos.sty"
Package: textpos 2016/06/07 v1.8

Package: textpos 2016/06/07 1.8, absolute positioning of text on the page
("C:\Program Files\MiKTeX 2.9\tex/latex/ms\everyshi.sty"
Package: everyshi 2001/05/15 v3.00 EveryShipout Package (MS)
)
\TP@textbox=\box27
\TP@holdbox=\box28
\TPHorizModule=\dimen112
\TPVertModule=\dimen113
\TP@margin=\dimen114
\TP@absmargin=\dimen115

Grid set 16 x 16 = 38.39343pt x 49.68562pt
\TPboxrulesize=\dimen116
\TP@ox=\dimen117
\TP@oy=\dimen118
\TP@tbargs=\toks18
\TP@prevdepth=\dimen119
TextBlockOrigin set to 0pt x 0pt
) ("C:\Program Files\MiKTeX 2.9\tex/latex/booktabs\booktabs.sty"
Package: booktabs 2005/04/14 v1.61803 publication quality tables
\heavyrulewidth=\dimen120
\lightrulewidth=\dimen121
\cmidrulewidth=\dimen122
\belowrulesep=\dimen123
\belowbottomsep=\dimen124
\aboverulesep=\dimen125
\abovetopsep=\dimen126
\cmidrulesep=\dimen127
\cmidrulekern=\dimen128
\defaultaddspace=\dimen129
\@cmidla=\count97
\@cmidlb=\count98
\@aboverulesep=\dimen130
\@belowrulesep=\dimen131
\@thisruleclass=\count99
\@lastruleclass=\count100
\@thisrulewidth=\dimen132
)
("C:\Program Files\MiKTeX 2.9\tex/latex/etoolbox\etoolbox.sty"
Package: etoolbox 2018/08/19 v2.5f e-TeX tools for LaTeX (JAW)
\etb@tempcnta=\count101
)
("C:\Program Files\MiKTeX 2.9\tex/latex/footmisc\footmisc.sty"
Package: footmisc 2011/06/06 v5.5b a miscellany of footnote facilities
\FN@temptoken=\toks19
\footnotemargin=\dimen133
\c@pp@next@reset=\count102
Package footmisc Info: Declaring symbol style bringhurst on input line 855.
Package footmisc Info: Declaring symbol style chicago on input line 863.
Package footmisc Info: Declaring symbol style wiley on input line 872.
Package footmisc Info: Declaring symbol style lamport-robust on input line 883.

Package footmisc Info: Declaring symbol style lamport* on input line 903.
Package footmisc Info: Declaring symbol style lamport*-robust on input line 924
.
)
("C:\Program Files\MiKTeX 2.9\tex/latex/expdlist\expdlist.sty"
Document Substyle `EXPDLIST'. Released 22.09.1999 (V 2.4)
English Documentation  22.09.99
\listpartsep=\skip52
) ("C:\Program Files\MiKTeX 2.9\tex/latex/titlesec\titlesec.sty"
Package: titlesec 2016/03/21 v2.10.2 Sectioning titles
\ttl@box=\box29
\beforetitleunit=\skip53
\aftertitleunit=\skip54
\ttl@plus=\dimen134
\ttl@minus=\dimen135
\ttl@toksa=\toks20
\titlewidth=\dimen136
\titlewidthlast=\dimen137
\titlewidthfirst=\dimen138
)
("C:\Program Files\MiKTeX 2.9\tex/latex/blindtext\blindtext.sty"
Package: blindtext 2012/01/06 V2.0 blindtext-Package

("C:\Program Files\MiKTeX 2.9\tex/latex/tools\xspace.sty"
Package: xspace 2014/10/28 v1.13 Space after command names (DPC,MH)
)
\c@blindtext=\count103
\c@Blindtext=\count104
\c@blind@countparstart=\count105
\blind@countxx=\count106
\blindtext@numBlindtext=\count107
\blind@countyy=\count108
\c@blindlist=\count109
\c@blindlistlevel=\count110
\c@blindlist@level=\count111
\blind@listitem=\count112
\c@blind@listcount=\count113
\c@blind@levelcount=\count114
\blind@mathformula=\count115
\blind@Mathformula=\count116
\c@blind@randomcount=\count117
\c@blind@randommax=\count118
\c@blind@pangramcount=\count119
\c@blind@pangrammax=\count120
)
("C:\Program Files\MiKTeX 2.9\tex/latex/graphics\color.sty"
Package: color 2016/07/10 v1.1e Standard LaTeX Color (DPC)

("C:\Program Files\MiKTeX 2.9\tex/latex/graphics-cfg\color.cfg"
File: color.cfg 2016/01/02 v1.6 sample color configuration
)
Package color Info: Driver file: pdftex.def on input line 147.

("C:\Program Files\MiKTeX 2.9\tex/latex/graphics-def\pdftex.def"
File: pdftex.def 2018/01/08 v1.0l Graphics/color driver for pdftex
))
Package color Info: Redefining color black on input line 33.

("C:\Program Files\MiKTeX 2.9\tex/latex/natbib\natbib.sty"
Package: natbib 2010/09/13 8.31b (PWD, AO)
\bibhang=\skip55
\bibsep=\skip56
LaTeX Info: Redefining \cite on input line 694.
\c@NAT@ctr=\count121
)
("C:\Program Files\MiKTeX 2.9\tex/latex/float\float.sty"
Package: float 2001/11/08 v1.3d Float enhancements (AL)
\c@float@type=\count122
\float@exts=\toks21
\float@box=\box30
\@float@everytoks=\toks22
\@floatcapt=\box31
)
("C:\Program Files\MiKTeX 2.9\tex/latex/amsmath\amsmath.sty"
Package: amsmath 2018/12/01 v2.17b AMS math features
\@mathmargin=\skip57

For additional information on amsmath, use the `?' option.
("C:\Program Files\MiKTeX 2.9\tex/latex/amsmath\amstext.sty"
Package: amstext 2000/06/29 v2.01 AMS text

("C:\Program Files\MiKTeX 2.9\tex/latex/amsmath\amsgen.sty"
File: amsgen.sty 1999/11/30 v2.0 generic functions
\@emptytoks=\toks23
\ex@=\dimen139
))
("C:\Program Files\MiKTeX 2.9\tex/latex/amsmath\amsbsy.sty"
Package: amsbsy 1999/11/29 v1.2d Bold Symbols
\pmbraise@=\dimen140
)
("C:\Program Files\MiKTeX 2.9\tex/latex/amsmath\amsopn.sty"
Package: amsopn 2016/03/08 v2.02 operator names
)
\inf@bad=\count123
LaTeX Info: Redefining \frac on input line 223.
\uproot@=\count124
\leftroot@=\count125
LaTeX Info: Redefining \overline on input line 385.
\classnum@=\count126
\DOTSCASE@=\count127
LaTeX Info: Redefining \ldots on input line 482.
LaTeX Info: Redefining \dots on input line 485.
LaTeX Info: Redefining \cdots on input line 606.
\Mathstrutbox@=\box32
\strutbox@=\box33
\big@size=\dimen141
LaTeX Font Info:    Redeclaring font encoding OML on input line 729.
LaTeX Font Info:    Redeclaring font encoding OMS on input line 730.
\macc@depth=\count128
\c@MaxMatrixCols=\count129
\dotsspace@=\muskip10
\c@parentequation=\count130
\dspbrk@lvl=\count131
\tag@help=\toks24
\row@=\count132
\column@=\count133
\maxfields@=\count134
\andhelp@=\toks25
\eqnshift@=\dimen142
\alignsep@=\dimen143
\tagshift@=\dimen144
\tagwidth@=\dimen145
\totwidth@=\dimen146
\lineht@=\dimen147
\@envbody=\toks26
\multlinegap=\skip58
\multlinetaggap=\skip59
\mathdisplay@stack=\toks27
LaTeX Info: Redefining \[ on input line 2844.
LaTeX Info: Redefining \] on input line 2845.
)
("C:\Program Files\MiKTeX 2.9\tex/latex/amsmath\amscd.sty"
Package: amscd 2017/04/14 v2.1 AMS Commutative Diagrams
\athelp@=\toks28
\minaw@=\dimen148
\bigaw@=\dimen149
\minCDarrowwidth=\dimen150
)
("C:\Program Files\MiKTeX 2.9\tex/latex/amsfonts\amssymb.sty"
Package: amssymb 2013/01/14 v3.01 AMS font symbols

("C:\Program Files\MiKTeX 2.9\tex/latex/amsfonts\amsfonts.sty"
Package: amsfonts 2013/01/14 v3.01 Basic AMSFonts support
\symAMSa=\mathgroup4
\symAMSb=\mathgroup5
LaTeX Font Info:    Overwriting math alphabet `\mathfrak' in version `bold'
(Font)                  U/euf/m/n --> U/euf/b/n on input line 106.
))
("C:\Program Files\MiKTeX 2.9\tex/latex/graphics\epsfig.sty"
Package: epsfig 2017/06/25 v1.7b (e)psfig emulation (SPQR)

("C:\Program Files\MiKTeX 2.9\tex/latex/graphics\graphicx.sty"
Package: graphicx 2017/06/01 v1.1a Enhanced LaTeX Graphics (DPC,SPQR)

("C:\Program Files\MiKTeX 2.9\tex/latex/graphics\graphics.sty"
Package: graphics 2017/06/25 v1.2c Standard LaTeX Graphics (DPC,SPQR)

("C:\Program Files\MiKTeX 2.9\tex/latex/graphics\trig.sty"
Package: trig 2016/01/03 v1.10 sin cos tan (DPC)
)
("C:\Program Files\MiKTeX 2.9\tex/latex/graphics-cfg\graphics.cfg"
File: graphics.cfg 2016/06/04 v1.11 sample graphics configuration
)
Package graphics Info: Driver file: pdftex.def on input line 99.
)
\Gin@req@height=\dimen151
\Gin@req@width=\dimen152
)
\epsfxsize=\dimen153
\epsfysize=\dimen154
)
("C:\Program Files\MiKTeX 2.9\tex/latex/matlab-prettifier\matlab-prettifier.sty
"
Package: matlab-prettifier 2014/06/19 v0.3 A package for prettyprinting Matlab 
source code
 ("C:\Program Files\MiKTeX 2.9\tex/latex/base\textcomp.sty"
Package: textcomp 2018/08/11 v2.0j Standard LaTeX package
Package textcomp Info: Sub-encoding information:
(textcomp)               5 = only ISO-Adobe without \textcurrency
(textcomp)               4 = 5 + \texteuro
(textcomp)               3 = 4 + \textohm
(textcomp)               2 = 3 + \textestimated + \textcurrency
(textcomp)               1 = TS1 - \textcircled - \t
(textcomp)               0 = TS1 (full)
(textcomp)             Font families with sub-encoding setting implement
(textcomp)             only a restricted character set as indicated.
(textcomp)             Family '?' is the default used for unknown fonts.
(textcomp)             See the documentation for details.
Package textcomp Info: Setting ? sub-encoding to TS1/1 on input line 79.

("C:\Program Files\MiKTeX 2.9\tex/latex/base\ts1enc.def"
File: ts1enc.def 2001/06/05 v3.0e (jk/car/fm) Standard LaTeX file
Now handling font encoding TS1 ...
... processing UTF-8 mapping file for font encoding TS1

("C:\Program Files\MiKTeX 2.9\tex/latex/base\ts1enc.dfu"
File: ts1enc.dfu 2018/10/05 v1.2f UTF-8 support for inputenc
   defining Unicode char U+00A2 (decimal 162)
   defining Unicode char U+00A3 (decimal 163)
   defining Unicode char U+00A4 (decimal 164)
   defining Unicode char U+00A5 (decimal 165)
   defining Unicode char U+00A6 (decimal 166)
   defining Unicode char U+00A7 (decimal 167)
   defining Unicode char U+00A8 (decimal 168)
   defining Unicode char U+00A9 (decimal 169)
   defining Unicode char U+00AA (decimal 170)
   defining Unicode char U+00AC (decimal 172)
   defining Unicode char U+00AE (decimal 174)
   defining Unicode char U+00AF (decimal 175)
   defining Unicode char U+00B0 (decimal 176)
   defining Unicode char U+00B1 (decimal 177)
   defining Unicode char U+00B2 (decimal 178)
   defining Unicode char U+00B3 (decimal 179)
   defining Unicode char U+00B4 (decimal 180)
   defining Unicode char U+00B5 (decimal 181)
   defining Unicode char U+00B6 (decimal 182)
   defining Unicode char U+00B7 (decimal 183)
   defining Unicode char U+00B9 (decimal 185)
   defining Unicode char U+00BA (decimal 186)
   defining Unicode char U+00BC (decimal 188)
   defining Unicode char U+00BD (decimal 189)
   defining Unicode char U+00BE (decimal 190)
   defining Unicode char U+00D7 (decimal 215)
   defining Unicode char U+00F7 (decimal 247)
   defining Unicode char U+0192 (decimal 402)
   defining Unicode char U+02C7 (decimal 711)
   defining Unicode char U+02D8 (decimal 728)
   defining Unicode char U+02DD (decimal 733)
   defining Unicode char U+0E3F (decimal 3647)
   defining Unicode char U+2016 (decimal 8214)
   defining Unicode char U+2020 (decimal 8224)
   defining Unicode char U+2021 (decimal 8225)
   defining Unicode char U+2022 (decimal 8226)
   defining Unicode char U+2030 (decimal 8240)
   defining Unicode char U+2031 (decimal 8241)
   defining Unicode char U+203B (decimal 8251)
   defining Unicode char U+203D (decimal 8253)
   defining Unicode char U+2044 (decimal 8260)
   defining Unicode char U+204E (decimal 8270)
   defining Unicode char U+2052 (decimal 8274)
   defining Unicode char U+20A1 (decimal 8353)
   defining Unicode char U+20A4 (decimal 8356)
   defining Unicode char U+20A6 (decimal 8358)
   defining Unicode char U+20A9 (decimal 8361)
   defining Unicode char U+20AB (decimal 8363)
   defining Unicode char U+20AC (decimal 8364)
   defining Unicode char U+20B1 (decimal 8369)
   defining Unicode char U+2103 (decimal 8451)
   defining Unicode char U+2116 (decimal 8470)
   defining Unicode char U+2117 (decimal 8471)
   defining Unicode char U+211E (decimal 8478)
   defining Unicode char U+2120 (decimal 8480)
   defining Unicode char U+2122 (decimal 8482)
   defining Unicode char U+2126 (decimal 8486)
   defining Unicode char U+2127 (decimal 8487)
   defining Unicode char U+212E (decimal 8494)
   defining Unicode char U+2190 (decimal 8592)
   defining Unicode char U+2191 (decimal 8593)
   defining Unicode char U+2192 (decimal 8594)
   defining Unicode char U+2193 (decimal 8595)
   defining Unicode char U+2329 (decimal 9001)
   defining Unicode char U+232A (decimal 9002)
   defining Unicode char U+2422 (decimal 9250)
   defining Unicode char U+25E6 (decimal 9702)
   defining Unicode char U+25EF (decimal 9711)
   defining Unicode char U+266A (decimal 9834)
   defining Unicode char U+FEFF (decimal 65279)
))
LaTeX Info: Redefining \oldstylenums on input line 334.
Package textcomp Info: Setting cmr sub-encoding to TS1/0 on input line 349.
Package textcomp Info: Setting cmss sub-encoding to TS1/0 on input line 350.
Package textcomp Info: Setting cmtt sub-encoding to TS1/0 on input line 351.
Package textcomp Info: Setting cmvtt sub-encoding to TS1/0 on input line 352.
Package textcomp Info: Setting cmbr sub-encoding to TS1/0 on input line 353.
Package textcomp Info: Setting cmtl sub-encoding to TS1/0 on input line 354.
Package textcomp Info: Setting ccr sub-encoding to TS1/0 on input line 355.
Package textcomp Info: Setting ptm sub-encoding to TS1/4 on input line 356.
Package textcomp Info: Setting pcr sub-encoding to TS1/4 on input line 357.
Package textcomp Info: Setting phv sub-encoding to TS1/4 on input line 358.
Package textcomp Info: Setting ppl sub-encoding to TS1/3 on input line 359.
Package textcomp Info: Setting pag sub-encoding to TS1/4 on input line 360.
Package textcomp Info: Setting pbk sub-encoding to TS1/4 on input line 361.
Package textcomp Info: Setting pnc sub-encoding to TS1/4 on input line 362.
Package textcomp Info: Setting pzc sub-encoding to TS1/4 on input line 363.
Package textcomp Info: Setting bch sub-encoding to TS1/4 on input line 364.
Package textcomp Info: Setting put sub-encoding to TS1/5 on input line 365.
Package textcomp Info: Setting uag sub-encoding to TS1/5 on input line 366.
Package textcomp Info: Setting ugq sub-encoding to TS1/5 on input line 367.
Package textcomp Info: Setting ul8 sub-encoding to TS1/4 on input line 368.
Package textcomp Info: Setting ul9 sub-encoding to TS1/4 on input line 369.
Package textcomp Info: Setting augie sub-encoding to TS1/5 on input line 370.
Package textcomp Info: Setting dayrom sub-encoding to TS1/3 on input line 371.
Package textcomp Info: Setting dayroms sub-encoding to TS1/3 on input line 372.

Package textcomp Info: Setting pxr sub-encoding to TS1/0 on input line 373.
Package textcomp Info: Setting pxss sub-encoding to TS1/0 on input line 374.
Package textcomp Info: Setting pxtt sub-encoding to TS1/0 on input line 375.
Package textcomp Info: Setting txr sub-encoding to TS1/0 on input line 376.
Package textcomp Info: Setting txss sub-encoding to TS1/0 on input line 377.
Package textcomp Info: Setting txtt sub-encoding to TS1/0 on input line 378.
Package textcomp Info: Setting lmr sub-encoding to TS1/0 on input line 379.
Package textcomp Info: Setting lmdh sub-encoding to TS1/0 on input line 380.
Package textcomp Info: Setting lmss sub-encoding to TS1/0 on input line 381.
Package textcomp Info: Setting lmssq sub-encoding to TS1/0 on input line 382.
Package textcomp Info: Setting lmvtt sub-encoding to TS1/0 on input line 383.
Package textcomp Info: Setting lmtt sub-encoding to TS1/0 on input line 384.
Package textcomp Info: Setting qhv sub-encoding to TS1/0 on input line 385.
Package textcomp Info: Setting qag sub-encoding to TS1/0 on input line 386.
Package textcomp Info: Setting qbk sub-encoding to TS1/0 on input line 387.
Package textcomp Info: Setting qcr sub-encoding to TS1/0 on input line 388.
Package textcomp Info: Setting qcs sub-encoding to TS1/0 on input line 389.
Package textcomp Info: Setting qpl sub-encoding to TS1/0 on input line 390.
Package textcomp Info: Setting qtm sub-encoding to TS1/0 on input line 391.
Package textcomp Info: Setting qzc sub-encoding to TS1/0 on input line 392.
Package textcomp Info: Setting qhvc sub-encoding to TS1/0 on input line 393.
Package textcomp Info: Setting futs sub-encoding to TS1/4 on input line 394.
Package textcomp Info: Setting futx sub-encoding to TS1/4 on input line 395.
Package textcomp Info: Setting futj sub-encoding to TS1/4 on input line 396.
Package textcomp Info: Setting hlh sub-encoding to TS1/3 on input line 397.
Package textcomp Info: Setting hls sub-encoding to TS1/3 on input line 398.
Package textcomp Info: Setting hlst sub-encoding to TS1/3 on input line 399.
Package textcomp Info: Setting hlct sub-encoding to TS1/5 on input line 400.
Package textcomp Info: Setting hlx sub-encoding to TS1/5 on input line 401.
Package textcomp Info: Setting hlce sub-encoding to TS1/5 on input line 402.
Package textcomp Info: Setting hlcn sub-encoding to TS1/5 on input line 403.
Package textcomp Info: Setting hlcw sub-encoding to TS1/5 on input line 404.
Package textcomp Info: Setting hlcf sub-encoding to TS1/5 on input line 405.
Package textcomp Info: Setting pplx sub-encoding to TS1/3 on input line 406.
Package textcomp Info: Setting pplj sub-encoding to TS1/3 on input line 407.
Package textcomp Info: Setting ptmx sub-encoding to TS1/4 on input line 408.
Package textcomp Info: Setting ptmj sub-encoding to TS1/4 on input line 409.
)
("C:\Program Files\MiKTeX 2.9\tex/latex/xcolor\xcolor.sty"
Package: xcolor 2016/05/11 v2.12 LaTeX color extensions (UK)

("C:\Program Files\MiKTeX 2.9\tex/latex/graphics-cfg\color.cfg"
File: color.cfg 2016/01/02 v1.6 sample color configuration
)
Package xcolor Info: Driver file: pdftex.def on input line 225.
LaTeX Info: Redefining \color on input line 709.
Package xcolor Info: Model `cmy' substituted by `cmy0' on input line 1348.
Package xcolor Info: Model `hsb' substituted by `rgb' on input line 1352.
Package xcolor Info: Model `RGB' extended on input line 1364.
Package xcolor Info: Model `HTML' substituted by `rgb' on input line 1366.
Package xcolor Info: Model `Hsb' substituted by `hsb' on input line 1367.
Package xcolor Info: Model `tHsb' substituted by `hsb' on input line 1368.
Package xcolor Info: Model `HSB' substituted by `hsb' on input line 1369.
Package xcolor Info: Model `Gray' substituted by `gray' on input line 1370.
Package xcolor Info: Model `wave' substituted by `hsb' on input line 1371.
)
("C:\Program Files\MiKTeX 2.9\tex/latex/listings\listings.sty"
\lst@mode=\count135
\lst@gtempboxa=\box34
\lst@token=\toks29
\lst@length=\count136
\lst@currlwidth=\dimen155
\lst@column=\count137
\lst@pos=\count138
\lst@lostspace=\dimen156
\lst@width=\dimen157
\lst@newlines=\count139
\lst@lineno=\count140
\lst@maxwidth=\dimen158

("C:\Program Files\MiKTeX 2.9\tex/latex/listings\lstmisc.sty"
File: lstmisc.sty 2019/02/27 1.8b (Carsten Heinz)
\c@lstnumber=\count141
\lst@skipnumbers=\count142
\lst@framebox=\box35
)
("C:\Program Files\MiKTeX 2.9\tex/latex/listings\listings.cfg"
File: listings.cfg 2019/02/27 1.8b listings configuration
))
Package: listings 2019/02/27 1.8b (Carsten Heinz)
\netBracketCount@mlpr=\count143
\blkLvl@mlpr=\count144
\blkLvlAtClassdef@mlpr=\count145
\emHeight@mlpr=\skip60
\jayDepth@mlpr=\skip61
\sectionRuleOffset@mlpr=\skip62
\toks@mlpr=\toks30
) (mcode.sty
-- Package: `mcode' 2.5 <2014/03/06> --
Package: mcode 2014/03/06 2.5
 - settings optimized for display (colour formating)
 - line numbering enabled
 - framed listings
) ("C:\Program Files\MiKTeX 2.9\tex/latex/tools\verbatim.sty"
Package: verbatim 2014/10/28 v1.5q LaTeX2e package for verbatim enhancements
\every@verbatim=\toks31
\verbatim@line=\toks32
\verbatim@in@stream=\read1
)
("C:\Program Files\MiKTeX 2.9\tex/latex/lipsum\lipsum.sty"
("C:\Program Files\MiKTeX 2.9\tex/latex/l3kernel\expl3.sty"
Package: expl3 2019-03-26 L3 programming layer (loader) 

("C:\Program Files\MiKTeX 2.9\tex/latex/l3kernel\expl3-code.tex"
Package: expl3 2019-03-26 L3 programming layer (code)
\c_max_int=\count146
\l_tmpa_int=\count147
\l_tmpb_int=\count148
\g_tmpa_int=\count149
\g_tmpb_int=\count150
\g__kernel_prg_map_int=\count151
\c__ior_term_ior=\count152
\c_log_iow=\count153
\l_iow_line_count_int=\count154
\l__iow_line_target_int=\count155
\l__iow_one_indent_int=\count156
\l__iow_indent_int=\count157
\c_zero_dim=\dimen159
\c_max_dim=\dimen160
\l_tmpa_dim=\dimen161
\l_tmpb_dim=\dimen162
\g_tmpa_dim=\dimen163
\g_tmpb_dim=\dimen164
\c_zero_skip=\skip63
\c_max_skip=\skip64
\l_tmpa_skip=\skip65
\l_tmpb_skip=\skip66
\g_tmpa_skip=\skip67
\g_tmpb_skip=\skip68
\c_zero_muskip=\muskip11
\c_max_muskip=\muskip12
\l_tmpa_muskip=\muskip13
\l_tmpb_muskip=\muskip14
\g_tmpa_muskip=\muskip15
\g_tmpb_muskip=\muskip16
\l_keys_choice_int=\count158
\l__intarray_loop_int=\count159
\c__intarray_sp_dim=\dimen165
\g__intarray_font_int=\count160
\c__fp_leading_shift_int=\count161
\c__fp_middle_shift_int=\count162
\c__fp_trailing_shift_int=\count163
\c__fp_big_leading_shift_int=\count164
\c__fp_big_middle_shift_int=\count165
\c__fp_big_trailing_shift_int=\count166
\c__fp_Bigg_leading_shift_int=\count167
\c__fp_Bigg_middle_shift_int=\count168
\c__fp_Bigg_trailing_shift_int=\count169
\c__kernel_randint_max_int=\count170
\g__fp_array_int=\count171
\l__fp_array_loop_int=\count172
\l__sort_length_int=\count173
\l__sort_min_int=\count174
\l__sort_top_int=\count175
\l__sort_max_int=\count176
\l__sort_true_max_int=\count177
\l__sort_block_int=\count178
\l__sort_begin_int=\count179
\l__sort_end_int=\count180
\l__sort_A_int=\count181
\l__sort_B_int=\count182
\l__sort_C_int=\count183
\l__tl_analysis_normal_int=\count184
\l__tl_analysis_index_int=\count185
\l__tl_analysis_nesting_int=\count186
\l__tl_analysis_type_int=\count187
\l__regex_internal_a_int=\count188
\l__regex_internal_b_int=\count189
\l__regex_internal_c_int=\count190
\l__regex_balance_int=\count191
\l__regex_group_level_int=\count192
\l__regex_mode_int=\count193
\c__regex_cs_in_class_mode_int=\count194
\c__regex_cs_mode_int=\count195
\l__regex_catcodes_int=\count196
\l__regex_default_catcodes_int=\count197
\c__regex_catcode_D_int=\count198
\c__regex_catcode_S_int=\count199
\c__regex_catcode_L_int=\count266
\c__regex_catcode_O_int=\count267
\c__regex_catcode_A_int=\count268
\c__regex_all_catcodes_int=\count269
\l__regex_show_lines_int=\count270
\l__regex_min_state_int=\count271
\l__regex_max_state_int=\count272
\l__regex_left_state_int=\count273
\l__regex_right_state_int=\count274
\l__regex_capturing_group_int=\count275
\l__regex_min_pos_int=\count276
\l__regex_max_pos_int=\count277
\l__regex_curr_pos_int=\count278
\l__regex_start_pos_int=\count279
\l__regex_success_pos_int=\count280
\l__regex_curr_char_int=\count281
\l__regex_curr_catcode_int=\count282
\l__regex_last_char_int=\count283
\l__regex_case_changed_char_int=\count284
\l__regex_curr_state_int=\count285
\l__regex_step_int=\count286
\l__regex_min_active_int=\count287
\l__regex_max_active_int=\count288
\l__regex_replacement_csnames_int=\count289
\l__regex_match_count_int=\count290
\l__regex_min_submatch_int=\count291
\l__regex_submatch_int=\count292
\l__regex_zeroth_submatch_int=\count293
\g__regex_trace_regex_int=\count294
\c_empty_box=\box36
\l_tmpa_box=\box37
\l_tmpb_box=\box38
\g_tmpa_box=\box39
\g_tmpb_box=\box40
\l__box_top_dim=\dimen166
\l__box_bottom_dim=\dimen167
\l__box_left_dim=\dimen168
\l__box_right_dim=\dimen169
\l__box_top_new_dim=\dimen170
\l__box_bottom_new_dim=\dimen171
\l__box_left_new_dim=\dimen172
\l__box_right_new_dim=\dimen173
\l__box_internal_box=\box41
\l__coffin_internal_box=\box42
\l__coffin_internal_dim=\dimen174
\l__coffin_offset_x_dim=\dimen175
\l__coffin_offset_y_dim=\dimen176
\l__coffin_x_dim=\dimen177
\l__coffin_y_dim=\dimen178
\l__coffin_x_prime_dim=\dimen179
\l__coffin_y_prime_dim=\dimen180
\c_empty_coffin=\box43
\l__coffin_aligned_coffin=\box44
\l__coffin_aligned_internal_coffin=\box45
\l_tmpa_coffin=\box46
\l_tmpb_coffin=\box47
\g_tmpa_coffin=\box48
\g_tmpb_coffin=\box49
\l__coffin_bounding_shift_dim=\dimen181
\l__coffin_left_corner_dim=\dimen182
\l__coffin_right_corner_dim=\dimen183
\l__coffin_bottom_corner_dim=\dimen184
\l__coffin_top_corner_dim=\dimen185
\l__coffin_scaled_total_height_dim=\dimen186
\l__coffin_scaled_width_dim=\dimen187
\c__coffin_empty_coffin=\box50
\l__coffin_display_coffin=\box51
\l__coffin_display_coord_coffin=\box52
\l__coffin_display_pole_coffin=\box53
\l__coffin_display_offset_dim=\dimen188
\l__coffin_display_x_dim=\dimen189
\l__coffin_display_y_dim=\dimen190
\g__file_internal_ior=\read2
\l__seq_internal_a_int=\count295
\l__seq_internal_b_int=\count296
\c__deprecation_minus_one=\count297
)
("C:\Program Files\MiKTeX 2.9\tex/latex/l3kernel\l3pdfmode.def"
File: l3pdfmode.def 2019-03-26 v L3 Experimental driver: PDF mode
\l__driver_color_stack_int=\count298
))
("C:\Program Files\MiKTeX 2.9\tex/latex/l3packages/xparse\xparse.sty"
Package: xparse 2019-03-05 L3 Experimental document command parser
\l__xparse_current_arg_int=\count299
\g__xparse_grabber_int=\count300
\l__xparse_m_args_int=\count301
\l__xparse_v_nesting_int=\count302
)
Package: lipsum 2019/01/02 v2.2 150 paragraphs of Lorem Ipsum dummy text

("C:\Program Files\MiKTeX 2.9\tex/latex/lipsum\lipsum.ltd.tex"
File: lipsum.ltd.tex 2019/01/02 v2.2 The Lorem ipsum dummy text
))
("C:\Program Files\MiKTeX 2.9\tex/latex/tocloft\tocloft.sty"
Package: tocloft 2017/08/31 v2.3i parameterised ToC, etc., typesetting
Package tocloft Info: The document has chapter divisions on input line 51.
\cftparskip=\skip69
\cftbeforetoctitleskip=\skip70
\cftaftertoctitleskip=\skip71
\cftbeforepartskip=\skip72
\cftpartnumwidth=\skip73
\cftpartindent=\skip74
\cftbeforechapskip=\skip75
\cftchapindent=\skip76
\cftchapnumwidth=\skip77
\cftbeforesecskip=\skip78
\cftsecindent=\skip79
\cftsecnumwidth=\skip80
\cftbeforesubsecskip=\skip81
\cftsubsecindent=\skip82
\cftsubsecnumwidth=\skip83
\cftbeforesubsubsecskip=\skip84
\cftsubsubsecindent=\skip85
\cftsubsubsecnumwidth=\skip86
\cftbeforeparaskip=\skip87
\cftparaindent=\skip88
\cftparanumwidth=\skip89
\cftbeforesubparaskip=\skip90
\cftsubparaindent=\skip91
\cftsubparanumwidth=\skip92
\cftbeforeloftitleskip=\skip93
\cftafterloftitleskip=\skip94
\cftbeforefigskip=\skip95
\cftfigindent=\skip96
\cftfignumwidth=\skip97
\c@lofdepth=\count303
\c@lotdepth=\count304
\cftbeforelottitleskip=\skip98
\cftafterlottitleskip=\skip99
\cftbeforetabskip=\skip100
\cfttabindent=\skip101
\cfttabnumwidth=\skip102
)
("C:\Program Files\MiKTeX 2.9\tex/latex/tools\array.sty"
Package: array 2018/12/30 v2.4k Tabular extension package (FMi)
\col@sep=\dimen191
\ar@mcellbox=\box54
\extrarowheight=\dimen192
\NC@list=\toks33
\extratabsurround=\skip103
\backup@length=\skip104
\ar@cellbox=\box55
)
("C:\Program Files\MiKTeX 2.9\tex/latex/caption\caption.sty"
Package: caption 2018/10/06 v3.3-154 Customizing captions (AR)

("C:\Program Files\MiKTeX 2.9\tex/latex/caption\caption3.sty"
Package: caption3 2018/09/12 v1.8c caption3 kernel (AR)
Package caption3 Info: TeX engine: e-TeX on input line 64.
\captionmargin=\dimen193
\captionmargin@=\dimen194
\captionwidth=\dimen195
\caption@tempdima=\dimen196
\caption@indent=\dimen197
\caption@parindent=\dimen198
\caption@hangindent=\dimen199
)
\c@caption@flags=\count305
\c@ContinuedFloat=\count306
Package caption Info: float package is loaded.
Package caption Info: listings package is loaded.
)
("C:\Program Files\MiKTeX 2.9\tex/latex/enumitem\enumitem.sty"
Package: enumitem 2019/02/04 v3.8 Customized lists
\labelindent=\skip105
\enit@outerparindent=\dimen256
\enit@toks=\toks34
\enit@inbox=\box56
\enit@count@id=\count307
\enitdp@description=\count308
)
("C:\Program Files\MiKTeX 2.9\tex/latex/url\url.sty"
\Urlmuskip=\muskip17
Package: url 2013/09/16  ver 3.4  Verb mode for urls, etc.
)
("C:\Program Files\MiKTeX 2.9\tex/latex/pdfpages\pdfpages.sty"
Package: pdfpages 2017/10/31 v0.5l Insert pages of external PDF documents (AM)

("C:\Program Files\MiKTeX 2.9\tex/latex/base\ifthen.sty"
Package: ifthen 2014/09/29 v1.1c Standard LaTeX ifthen package (DPC)
)
("C:\Program Files\MiKTeX 2.9\tex/latex/tools\calc.sty"
Package: calc 2017/05/25 v4.3 Infix arithmetic (KKT,FJ)
\calc@Acount=\count309
\calc@Bcount=\count310
\calc@Adimen=\dimen257
\calc@Bdimen=\dimen258
\calc@Askip=\skip106
\calc@Bskip=\skip107
LaTeX Info: Redefining \setlength on input line 80.
LaTeX Info: Redefining \addtolength on input line 81.
\calc@Ccount=\count311
\calc@Cskip=\skip108
)
("C:\Program Files\MiKTeX 2.9\tex/latex/eso-pic\eso-pic.sty"
Package: eso-pic 2018/04/12 v2.0h eso-pic (RN)

("C:\Program Files\MiKTeX 2.9\tex/generic/oberdiek\atbegshi.sty"
Package: atbegshi 2016/06/09 v1.18 At begin shipout hook (HO)

("C:\Program Files\MiKTeX 2.9\tex/generic/oberdiek\infwarerr.sty"
Package: infwarerr 2016/05/16 v1.4 Providing info/warning/error messages (HO)
)
("C:\Program Files\MiKTeX 2.9\tex/generic/oberdiek\ltxcmds.sty"
Package: ltxcmds 2016/05/16 v1.23 LaTeX kernel commands for general use (HO)
)))
\AM@pagewidth=\dimen259
\AM@pageheight=\dimen260

("C:\Program Files\MiKTeX 2.9\tex/latex/pdfpages\pppdftex.def"
File: pppdftex.def 2017/10/31 v0.5l Pdfpages driver for pdfTeX (AM)
)
\AM@pagebox=\box57
\AM@global@opts=\toks35
\AM@toc@title=\toks36
\c@AM@survey=\count312
\AM@templatesizebox=\box58
)
("C:\Program Files\MiKTeX 2.9\tex/latex/hyperref\hyperref.sty"
Package: hyperref 2018/11/30 v6.88e Hypertext links for LaTeX

("C:\Program Files\MiKTeX 2.9\tex/generic/oberdiek\hobsub-hyperref.sty"
Package: hobsub-hyperref 2016/05/16 v1.14 Bundle oberdiek, subset hyperref (HO)


("C:\Program Files\MiKTeX 2.9\tex/generic/oberdiek\hobsub-generic.sty"
Package: hobsub-generic 2016/05/16 v1.14 Bundle oberdiek, subset generic (HO)
Package: hobsub 2016/05/16 v1.14 Construct package bundles (HO)
Package hobsub Info: Skipping package `infwarerr' (already loaded).
Package hobsub Info: Skipping package `ltxcmds' (already loaded).
Package: ifluatex 2016/05/16 v1.4 Provides the ifluatex switch (HO)
Package ifluatex Info: LuaTeX not detected.
Package hobsub Info: Skipping package `ifvtex' (already loaded).
Package: intcalc 2016/05/16 v1.2 Expandable calculations with integers (HO)
Package hobsub Info: Skipping package `ifpdf' (already loaded).
Package: etexcmds 2016/05/16 v1.6 Avoid name clashes with e-TeX commands (HO)
Package: kvsetkeys 2016/05/16 v1.17 Key value parser (HO)
Package: kvdefinekeys 2016/05/16 v1.4 Define keys (HO)
Package: pdftexcmds 2018/09/10 v0.29 Utility functions of pdfTeX for LuaTeX (HO
)
Package pdftexcmds Info: LuaTeX not detected.
Package pdftexcmds Info: \pdf@primitive is available.
Package pdftexcmds Info: \pdf@ifprimitive is available.
Package pdftexcmds Info: \pdfdraftmode found.
Package: pdfescape 2016/05/16 v1.14 Implements pdfTeX's escape features (HO)
Package: bigintcalc 2016/05/16 v1.4 Expandable calculations on big integers (HO
)
Package: bitset 2016/05/16 v1.2 Handle bit-vector datatype (HO)
Package: uniquecounter 2016/05/16 v1.3 Provide unlimited unique counter (HO)
)
Package hobsub Info: Skipping package `hobsub' (already loaded).
Package: letltxmacro 2016/05/16 v1.5 Let assignment for LaTeX macros (HO)
Package: hopatch 2016/05/16 v1.3 Wrapper for package hooks (HO)
Package: xcolor-patch 2016/05/16 xcolor patch
Package: atveryend 2016/05/16 v1.9 Hooks at the very end of document (HO)
Package hobsub Info: Skipping package `atbegshi' (already loaded).
Package: refcount 2016/05/16 v3.5 Data extraction from label references (HO)
Package: hycolor 2016/05/16 v1.8 Color options for hyperref/bookmark (HO)
)
("C:\Program Files\MiKTeX 2.9\tex/latex/oberdiek\auxhook.sty"
Package: auxhook 2016/05/16 v1.4 Hooks for auxiliary files (HO)
)
("C:\Program Files\MiKTeX 2.9\tex/latex/oberdiek\kvoptions.sty"
Package: kvoptions 2016/05/16 v3.12 Key value format for package options (HO)
)
\@linkdim=\dimen261
\Hy@linkcounter=\count313
\Hy@pagecounter=\count314

("C:\Program Files\MiKTeX 2.9\tex/latex/hyperref\pd1enc.def"
File: pd1enc.def 2018/11/30 v6.88e Hyperref: PDFDocEncoding definition (HO)
Now handling font encoding PD1 ...
... no UTF-8 mapping file for font encoding PD1
)
\Hy@SavedSpaceFactor=\count315

("C:\Program Files\MiKTeX 2.9\tex/latex/00miktex\hyperref.cfg"
File: hyperref.cfg 2002/06/06 v1.2 hyperref configuration of TeXLive
)
Package hyperref Info: Hyper figures OFF on input line 4519.
Package hyperref Info: Link nesting OFF on input line 4524.
Package hyperref Info: Hyper index ON on input line 4527.
Package hyperref Info: Plain pages OFF on input line 4534.
Package hyperref Info: Backreferencing OFF on input line 4539.
Package hyperref Info: Implicit mode ON; LaTeX internals redefined.
Package hyperref Info: Bookmarks ON on input line 4772.
\c@Hy@tempcnt=\count316
LaTeX Info: Redefining \url on input line 5125.
\XeTeXLinkMargin=\dimen262
\Fld@menulength=\count317
\Field@Width=\dimen263
\Fld@charsize=\dimen264
Package hyperref Info: Hyper figures OFF on input line 6380.
Package hyperref Info: Link nesting OFF on input line 6385.
Package hyperref Info: Hyper index ON on input line 6388.
Package hyperref Info: backreferencing OFF on input line 6395.
Package hyperref Info: Link coloring OFF on input line 6400.
Package hyperref Info: Link coloring with OCG OFF on input line 6405.
Package hyperref Info: PDF/A mode OFF on input line 6410.
LaTeX Info: Redefining \ref on input line 6450.
LaTeX Info: Redefining \pageref on input line 6454.
\Hy@abspage=\count318
\c@Item=\count319
\c@Hfootnote=\count320
)
Package hyperref Info: Driver (autodetected): hpdftex.

("C:\Program Files\MiKTeX 2.9\tex/latex/hyperref\hpdftex.def"
File: hpdftex.def 2018/11/30 v6.88e Hyperref driver for pdfTeX
\Fld@listcount=\count321
\c@bookmark@seq@number=\count322

("C:\Program Files\MiKTeX 2.9\tex/latex/oberdiek\rerunfilecheck.sty"
Package: rerunfilecheck 2016/05/16 v1.8 Rerun checks for auxiliary files (HO)
Package uniquecounter Info: New unique counter `rerunfilecheck' on input line 2
82.
)
\Hy@SectionHShift=\skip109
)
("C:\Program Files\MiKTeX 2.9\tex/latex/movie15\movie15.sty"
Package: movie15 2012/05/16

("C:\Program Files\MiKTeX 2.9\tex/latex/oberdiek\ifdraft.sty"
Package: ifdraft 2016/05/16 v1.4 Detect class options draft and final (HO)
)
\@MXV@page=\count323
\@MXV@adict=\count324
\@MXV@aadict=\count325
\@MXV@includes=\count326
\@MXV@players=\count327
\@MXV@links=\count328
\@MXV@width=\dimen265
\@MXV@height=\dimen266
\@MXV@depth=\dimen267
\@MXV@totalheight=\dimen268
\@MXV@@boxdepth=\dimen269
\@MXV@traiselen=\dimen270
\@MXV@braiselen=\dimen271
\@MXV@start=\dimen272
\@MXV@end=\dimen273
\@MXV@textbox=\box59
)
("C:\Program Files\MiKTeX 2.9\tex/latex/makecell\makecell.sty"
Package: makecell 2009/08/03 V0.1e Managing of Tab Column Heads and Cells
\rotheadsize=\dimen274
\c@nlinenum=\count329
\TeXr@lab=\toks37
)
("C:\Program Files\MiKTeX 2.9\tex/latex/adjustbox\adjustbox.sty"
Package: adjustbox 2019/01/04 v1.2 Adjusting TeX boxes (trim, clip, ...)

("C:\Program Files\MiKTeX 2.9\tex/latex/xkeyval\xkeyval.sty"
Package: xkeyval 2014/12/03 v2.7a package option processing (HA)

("C:\Program Files\MiKTeX 2.9\tex/generic/xkeyval\xkeyval.tex"
("C:\Program Files\MiKTeX 2.9\tex/generic/xkeyval\xkvutils.tex"
\XKV@toks=\toks38
\XKV@tempa@toks=\toks39
)
\XKV@depth=\count330
File: xkeyval.tex 2014/12/03 v2.7a key=value parser (HA)
))
("C:\Program Files\MiKTeX 2.9\tex/latex/adjustbox\adjcalc.sty"
Package: adjcalc 2012/05/16 v1.1 Provides advanced setlength with multiple back
-ends (calc, etex, pgfmath)
)
("C:\Program Files\MiKTeX 2.9\tex/latex/adjustbox\trimclip.sty"
Package: trimclip 2018/04/08 v1.1 Trim and clip general TeX material

("C:\Program Files\MiKTeX 2.9\tex/latex/collectbox\collectbox.sty"
Package: collectbox 2012/05/17 v0.4b Collect macro arguments as boxes
\collectedbox=\box60
)
\tc@llx=\dimen275
\tc@lly=\dimen276
\tc@urx=\dimen277
\tc@ury=\dimen278
Package trimclip Info: Using driver 'tc-pdftex.def'.

("C:\Program Files\MiKTeX 2.9\tex/latex/adjustbox\tc-pdftex.def"
File: tc-pdftex.def 2019/01/04 v2.2 Clipping driver for pdftex
))
\adjbox@Width=\dimen279
\adjbox@Height=\dimen280
\adjbox@Depth=\dimen281
\adjbox@Totalheight=\dimen282
\adjbox@pwidth=\dimen283
\adjbox@pheight=\dimen284
\adjbox@pdepth=\dimen285
\adjbox@ptotalheight=\dimen286

("C:\Program Files\MiKTeX 2.9\tex/latex/ifoddpage\ifoddpage.sty"
Package: ifoddpage 2016/04/23 v1.1 Conditionals for odd/even page detection
\c@checkoddpage=\count331
)
("C:\Program Files\MiKTeX 2.9\tex/latex/varwidth\varwidth.sty"
Package: varwidth 2009/03/30 ver 0.92;  Variable-width minipages
\@vwid@box=\box61
\sift@deathcycles=\count332
\@vwid@loff=\dimen287
\@vwid@roff=\dimen288
))
("C:\Program Files\MiKTeX 2.9\tex/latex/circuitikz\circuitikz.sty"
Package: circuitikz 2017/05/28{} The CircuiTikz circuit drawing package version
 0.8.3

("C:\Program Files\MiKTeX 2.9\tex/latex/pgf/frontendlayer\tikz.sty"
("C:\Program Files\MiKTeX 2.9\tex/latex/pgf/basiclayer\pgf.sty"
("C:\Program Files\MiKTeX 2.9\tex/latex/pgf/utilities\pgfrcs.sty"
("C:\Program Files\MiKTeX 2.9\tex/generic/pgf/utilities\pgfutil-common.tex"
\pgfutil@everybye=\toks40
\pgfutil@tempdima=\dimen289
\pgfutil@tempdimb=\dimen290

("C:\Program Files\MiKTeX 2.9\tex/generic/pgf/utilities\pgfutil-common-lists.te
x")) ("C:\Program Files\MiKTeX 2.9\tex/generic/pgf/utilities\pgfutil-latex.def"
\pgfutil@abb=\box62
) ("C:\Program Files\MiKTeX 2.9\tex/generic/pgf/utilities\pgfrcs.code.tex"
("C:\Program Files\MiKTeX 2.9\tex/generic/pgf\pgf.revision.tex")
Package: pgfrcs 2019/02/02 v3.1.1 (3.1.1)
))
Package: pgf 2019/02/02 v3.1.1 (3.1.1)

("C:\Program Files\MiKTeX 2.9\tex/latex/pgf/basiclayer\pgfcore.sty"
("C:\Program Files\MiKTeX 2.9\tex/latex/pgf/systemlayer\pgfsys.sty"
("C:\Program Files\MiKTeX 2.9\tex/generic/pgf/systemlayer\pgfsys.code.tex"
Package: pgfsys 2019/02/02 v3.1.1 (3.1.1)

("C:\Program Files\MiKTeX 2.9\tex/generic/pgf/utilities\pgfkeys.code.tex"
\pgfkeys@pathtoks=\toks41
\pgfkeys@temptoks=\toks42

("C:\Program Files\MiKTeX 2.9\tex/generic/pgf/utilities\pgfkeysfiltered.code.te
x"
\pgfkeys@tmptoks=\toks43
))
\pgf@x=\dimen291
\pgf@y=\dimen292
\pgf@xa=\dimen293
\pgf@ya=\dimen294
\pgf@xb=\dimen295
\pgf@yb=\dimen296
\pgf@xc=\dimen297
\pgf@yc=\dimen298
\w@pgf@writea=\write3
\r@pgf@reada=\read3
\c@pgf@counta=\count333
\c@pgf@countb=\count334
\c@pgf@countc=\count335
\c@pgf@countd=\count336
\t@pgf@toka=\toks44
\t@pgf@tokb=\toks45
\t@pgf@tokc=\toks46
\pgf@sys@id@count=\count337
 ("C:\Program Files\MiKTeX 2.9\tex/generic/pgf/systemlayer\pgf.cfg"
File: pgf.cfg 2019/02/02 v3.1.1 (3.1.1)
)
Driver file for pgf: pgfsys-pdftex.def

("C:\Program Files\MiKTeX 2.9\tex/generic/pgf/systemlayer\pgfsys-pdftex.def"
File: pgfsys-pdftex.def 2019/02/02 v3.1.1 (3.1.1)

("C:\Program Files\MiKTeX 2.9\tex/generic/pgf/systemlayer\pgfsys-common-pdf.def
"
File: pgfsys-common-pdf.def 2019/02/02 v3.1.1 (3.1.1)
)))
("C:\Program Files\MiKTeX 2.9\tex/generic/pgf/systemlayer\pgfsyssoftpath.code.t
ex"
File: pgfsyssoftpath.code.tex 2019/02/02 v3.1.1 (3.1.1)
\pgfsyssoftpath@smallbuffer@items=\count338
\pgfsyssoftpath@bigbuffer@items=\count339
)
("C:\Program Files\MiKTeX 2.9\tex/generic/pgf/systemlayer\pgfsysprotocol.code.t
ex"
File: pgfsysprotocol.code.tex 2019/02/02 v3.1.1 (3.1.1)
)) ("C:\Program Files\MiKTeX 2.9\tex/generic/pgf/basiclayer\pgfcore.code.tex"
Package: pgfcore 2019/02/02 v3.1.1 (3.1.1)
 ("C:\Program Files\MiKTeX 2.9\tex/generic/pgf/math\pgfmath.code.tex"
("C:\Program Files\MiKTeX 2.9\tex/generic/pgf/math\pgfmathcalc.code.tex"
("C:\Program Files\MiKTeX 2.9\tex/generic/pgf/math\pgfmathutil.code.tex")
("C:\Program Files\MiKTeX 2.9\tex/generic/pgf/math\pgfmathparser.code.tex"
\pgfmath@dimen=\dimen299
\pgfmath@count=\count340
\pgfmath@box=\box63
\pgfmath@toks=\toks47
\pgfmath@stack@operand=\toks48
\pgfmath@stack@operation=\toks49
)
("C:\Program Files\MiKTeX 2.9\tex/generic/pgf/math\pgfmathfunctions.code.tex"
("C:\Program Files\MiKTeX 2.9\tex/generic/pgf/math\pgfmathfunctions.basic.code.
tex")
("C:\Program Files\MiKTeX 2.9\tex/generic/pgf/math\pgfmathfunctions.trigonometr
ic.code.tex")
("C:\Program Files\MiKTeX 2.9\tex/generic/pgf/math\pgfmathfunctions.random.code
.tex")
("C:\Program Files\MiKTeX 2.9\tex/generic/pgf/math\pgfmathfunctions.comparison.
code.tex")
("C:\Program Files\MiKTeX 2.9\tex/generic/pgf/math\pgfmathfunctions.base.code.t
ex")
("C:\Program Files\MiKTeX 2.9\tex/generic/pgf/math\pgfmathfunctions.round.code.
tex")
("C:\Program Files\MiKTeX 2.9\tex/generic/pgf/math\pgfmathfunctions.misc.code.t
ex")
("C:\Program Files\MiKTeX 2.9\tex/generic/pgf/math\pgfmathfunctions.integerarit
hmetics.code.tex")))
("C:\Program Files\MiKTeX 2.9\tex/generic/pgf/math\pgfmathfloat.code.tex"
\c@pgfmathroundto@lastzeros=\count341
))
("C:\Program Files\MiKTeX 2.9\tex/generic/pgf/basiclayer\pgfcorepoints.code.tex
"
File: pgfcorepoints.code.tex 2019/02/02 v3.1.1 (3.1.1)
\pgf@picminx=\dimen300
\pgf@picmaxx=\dimen301
\pgf@picminy=\dimen302
\pgf@picmaxy=\dimen303
\pgf@pathminx=\dimen304
\pgf@pathmaxx=\dimen305
\pgf@pathminy=\dimen306
\pgf@pathmaxy=\dimen307
\pgf@xx=\dimen308
\pgf@xy=\dimen309
\pgf@yx=\dimen310
\pgf@yy=\dimen311
\pgf@zx=\dimen312
\pgf@zy=\dimen313
)
("C:\Program Files\MiKTeX 2.9\tex/generic/pgf/basiclayer\pgfcorepathconstruct.c
ode.tex"
File: pgfcorepathconstruct.code.tex 2019/02/02 v3.1.1 (3.1.1)
\pgf@path@lastx=\dimen314
\pgf@path@lasty=\dimen315
)
("C:\Program Files\MiKTeX 2.9\tex/generic/pgf/basiclayer\pgfcorepathusage.code.
tex"
File: pgfcorepathusage.code.tex 2019/02/02 v3.1.1 (3.1.1)
\pgf@shorten@end@additional=\dimen316
\pgf@shorten@start@additional=\dimen317
)
("C:\Program Files\MiKTeX 2.9\tex/generic/pgf/basiclayer\pgfcorescopes.code.tex
"
File: pgfcorescopes.code.tex 2019/02/02 v3.1.1 (3.1.1)
\pgfpic=\box64
\pgf@hbox=\box65
\pgf@layerbox@main=\box66
\pgf@picture@serial@count=\count342
)
("C:\Program Files\MiKTeX 2.9\tex/generic/pgf/basiclayer\pgfcoregraphicstate.co
de.tex"
File: pgfcoregraphicstate.code.tex 2019/02/02 v3.1.1 (3.1.1)
\pgflinewidth=\dimen318
)
("C:\Program Files\MiKTeX 2.9\tex/generic/pgf/basiclayer\pgfcoretransformations
.code.tex"
File: pgfcoretransformations.code.tex 2019/02/02 v3.1.1 (3.1.1)
\pgf@pt@x=\dimen319
\pgf@pt@y=\dimen320
\pgf@pt@temp=\dimen321
)
("C:\Program Files\MiKTeX 2.9\tex/generic/pgf/basiclayer\pgfcorequick.code.tex"
File: pgfcorequick.code.tex 2019/02/02 v3.1.1 (3.1.1)
)
("C:\Program Files\MiKTeX 2.9\tex/generic/pgf/basiclayer\pgfcoreobjects.code.te
x"
File: pgfcoreobjects.code.tex 2019/02/02 v3.1.1 (3.1.1)
)
("C:\Program Files\MiKTeX 2.9\tex/generic/pgf/basiclayer\pgfcorepathprocessing.
code.tex"
File: pgfcorepathprocessing.code.tex 2019/02/02 v3.1.1 (3.1.1)
)
("C:\Program Files\MiKTeX 2.9\tex/generic/pgf/basiclayer\pgfcorearrows.code.tex
"
File: pgfcorearrows.code.tex 2019/02/02 v3.1.1 (3.1.1)
\pgfarrowsep=\dimen322
)
("C:\Program Files\MiKTeX 2.9\tex/generic/pgf/basiclayer\pgfcoreshade.code.tex"
File: pgfcoreshade.code.tex 2019/02/02 v3.1.1 (3.1.1)
\pgf@max=\dimen323
\pgf@sys@shading@range@num=\count343
) ("C:\Program Files\MiKTeX 2.9\tex/generic/pgf/basiclayer\pgfcoreimage.code.te
x"
File: pgfcoreimage.code.tex 2019/02/02 v3.1.1 (3.1.1)

("C:\Program Files\MiKTeX 2.9\tex/generic/pgf/basiclayer\pgfcoreexternal.code.t
ex"
File: pgfcoreexternal.code.tex 2019/02/02 v3.1.1 (3.1.1)
\pgfexternal@startupbox=\box67
))
("C:\Program Files\MiKTeX 2.9\tex/generic/pgf/basiclayer\pgfcorelayers.code.tex
"
File: pgfcorelayers.code.tex 2019/02/02 v3.1.1 (3.1.1)
)
("C:\Program Files\MiKTeX 2.9\tex/generic/pgf/basiclayer\pgfcoretransparency.co
de.tex"
File: pgfcoretransparency.code.tex 2019/02/02 v3.1.1 (3.1.1)
)
("C:\Program Files\MiKTeX 2.9\tex/generic/pgf/basiclayer\pgfcorepatterns.code.t
ex"
File: pgfcorepatterns.code.tex 2019/02/02 v3.1.1 (3.1.1)
)
("C:\Program Files\MiKTeX 2.9\tex/generic/pgf/basiclayer\pgfcorerdf.code.tex"
File: pgfcorerdf.code.tex 2019/02/02 v3.1.1 (3.1.1)
))) ("C:\Program Files\MiKTeX 2.9\tex/generic/pgf/modules\pgfmoduleshapes.code.
tex"
File: pgfmoduleshapes.code.tex 2019/02/02 v3.1.1 (3.1.1)
\pgfnodeparttextbox=\box68
) ("C:\Program Files\MiKTeX 2.9\tex/generic/pgf/modules\pgfmoduleplot.code.tex"
File: pgfmoduleplot.code.tex 2019/02/02 v3.1.1 (3.1.1)
)
("C:\Program Files\MiKTeX 2.9\tex/latex/pgf/compatibility\pgfcomp-version-0-65.
sty"
Package: pgfcomp-version-0-65 2019/02/02 v3.1.1 (3.1.1)
\pgf@nodesepstart=\dimen324
\pgf@nodesepend=\dimen325
)
("C:\Program Files\MiKTeX 2.9\tex/latex/pgf/compatibility\pgfcomp-version-1-18.
sty"
Package: pgfcomp-version-1-18 2019/02/02 v3.1.1 (3.1.1)
)) ("C:\Program Files\MiKTeX 2.9\tex/latex/pgf/utilities\pgffor.sty"
("C:\Program Files\MiKTeX 2.9\tex/latex/pgf/utilities\pgfkeys.sty"
("C:\Program Files\MiKTeX 2.9\tex/generic/pgf/utilities\pgfkeys.code.tex"))
("C:\Program Files\MiKTeX 2.9\tex/latex/pgf/math\pgfmath.sty"
("C:\Program Files\MiKTeX 2.9\tex/generic/pgf/math\pgfmath.code.tex"))
("C:\Program Files\MiKTeX 2.9\tex/generic/pgf/utilities\pgffor.code.tex"
Package: pgffor 2019/02/02 v3.1.1 (3.1.1)

("C:\Program Files\MiKTeX 2.9\tex/generic/pgf/math\pgfmath.code.tex")
\pgffor@iter=\dimen326
\pgffor@skip=\dimen327
\pgffor@stack=\toks50
\pgffor@toks=\toks51
))
("C:\Program Files\MiKTeX 2.9\tex/generic/pgf/frontendlayer/tikz\tikz.code.tex"
Package: tikz 2019/02/02 v3.1.1 (3.1.1)

("C:\Program Files\MiKTeX 2.9\tex/generic/pgf/libraries\pgflibraryplothandlers.
code.tex"
File: pgflibraryplothandlers.code.tex 2019/02/02 v3.1.1 (3.1.1)
\pgf@plot@mark@count=\count344
\pgfplotmarksize=\dimen328
)
\tikz@lastx=\dimen329
\tikz@lasty=\dimen330
\tikz@lastxsaved=\dimen331
\tikz@lastysaved=\dimen332
\tikzleveldistance=\dimen333
\tikzsiblingdistance=\dimen334
\tikz@figbox=\box69
\tikz@figbox@bg=\box70
\tikz@tempbox=\box71
\tikz@tempbox@bg=\box72
\tikztreelevel=\count345
\tikznumberofchildren=\count346
\tikznumberofcurrentchild=\count347
\tikz@fig@count=\count348

("C:\Program Files\MiKTeX 2.9\tex/generic/pgf/modules\pgfmodulematrix.code.tex"
File: pgfmodulematrix.code.tex 2019/02/02 v3.1.1 (3.1.1)
\pgfmatrixcurrentrow=\count349
\pgfmatrixcurrentcolumn=\count350
\pgf@matrix@numberofcolumns=\count351
)
\tikz@expandcount=\count352

("C:\Program Files\MiKTeX 2.9\tex/generic/pgf/frontendlayer/tikz/libraries\tikz
librarytopaths.code.tex"
File: tikzlibrarytopaths.code.tex 2019/02/02 v3.1.1 (3.1.1)
)))
("C:\Program Files\MiKTeX 2.9\tex/generic/pgf/frontendlayer/tikz/libraries\tikz
librarycalc.code.tex"
File: tikzlibrarycalc.code.tex 2019/02/02 v3.1.1 (3.1.1)
)
("C:\Program Files\MiKTeX 2.9\tex/generic/pgf/libraries\pgflibraryarrows.code.t
ex"
File: pgflibraryarrows.code.tex 2019/02/02 v3.1.1 (3.1.1)
\arrowsize=\dimen335
) ("C:\Program Files\MiKTeX 2.9\tex/generic/circuitikz\pgfcirc.defines.tex"
\pgf@circ@res@up=\dimen336
\pgf@circ@res@down=\dimen337
\pgf@circ@res@zero=\dimen338
\pgf@circ@res@left=\dimen339
\pgf@circ@res@right=\dimen340
\pgf@circ@res@other=\dimen341
\pgf@circ@res@step=\dimen342
\pgf@circ@res@temp=\dimen343
\pgfstartlinewidth=\dimen344
\pgf@circ@Rlen=\dimen345
) ("C:\Program Files\MiKTeX 2.9\tex/generic/circuitikz\pgfcircutils.tex")
("C:\Program Files\MiKTeX 2.9\tex/generic/circuitikz\pgfcircshapes.tex")
("C:\Program Files\MiKTeX 2.9\tex/generic/circuitikz\pgfcircmonopoles.tex")
("C:\Program Files\MiKTeX 2.9\tex/generic/circuitikz\pgfcircbipoles.tex")
("C:\Program Files\MiKTeX 2.9\tex/generic/circuitikz\pgfcirctripoles.tex")
("C:\Program Files\MiKTeX 2.9\tex/generic/circuitikz\pgfcircquadpoles.tex")
("C:\Program Files\MiKTeX 2.9\tex/generic/circuitikz\pgfcirclabel.tex")
("C:\Program Files\MiKTeX 2.9\tex/generic/circuitikz\pgfcircvoltage.tex")
("C:\Program Files\MiKTeX 2.9\tex/generic/circuitikz\pgfcirccurrent.tex")
("C:\Program Files\MiKTeX 2.9\tex/generic/circuitikz\pgfcircflow.tex")
("C:\Program Files\MiKTeX 2.9\tex/generic/circuitikz\pgfcircpath.tex"))
("C:\Program Files\MiKTeX 2.9\tex/latex/todonotes\todonotes.sty"
Package: todonotes 2019/01/24 v1.1.2 Todonotes source and documentation.
Package: todonotes 2018/11/22

("C:\Program Files\MiKTeX 2.9\tex/generic/pgf/frontendlayer/tikz/libraries\tikz
librarypositioning.code.tex"
File: tikzlibrarypositioning.code.tex 2019/02/02 v3.1.1 (3.1.1)
)
("C:\Program Files\MiKTeX 2.9\tex/generic/pgf/frontendlayer/tikz/libraries\tikz
libraryshadows.code.tex"
File: tikzlibraryshadows.code.tex 2019/02/02 v3.1.1 (3.1.1)

("C:\Program Files\MiKTeX 2.9\tex/generic/pgf/frontendlayer/tikz/libraries\tikz
libraryfadings.code.tex"
File: tikzlibraryfadings.code.tex 2019/02/02 v3.1.1 (3.1.1)

("C:\Program Files\MiKTeX 2.9\tex/generic/pgf/libraries\pgflibraryfadings.code.
tex"
File: pgflibraryfadings.code.tex 2019/02/02 v3.1.1 (3.1.1)
)))
\c@@todonotes@numberoftodonotes=\count353
)
\c@myequations=\count354
\cftbeforemyequationsskip=\skip110
\cftmyequationsindent=\skip111
\cftmyequationsnumwidth=\skip112
\c@equdepth=\count355
\cftbeforeequtitleskip=\skip113
\cftafterequtitleskip=\skip114
 (main.aux)
\openout1 = `main.aux'.

LaTeX Font Info:    Checking defaults for OML/cmm/m/it on input line 109.
LaTeX Font Info:    ... okay on input line 109.
LaTeX Font Info:    Checking defaults for T1/cmr/m/n on input line 109.
LaTeX Font Info:    ... okay on input line 109.
LaTeX Font Info:    Checking defaults for OT1/cmr/m/n on input line 109.
LaTeX Font Info:    ... okay on input line 109.
LaTeX Font Info:    Checking defaults for OMS/cmsy/m/n on input line 109.
LaTeX Font Info:    ... okay on input line 109.
LaTeX Font Info:    Checking defaults for OMX/cmex/m/n on input line 109.
LaTeX Font Info:    ... okay on input line 109.
LaTeX Font Info:    Checking defaults for U/cmr/m/n on input line 109.
LaTeX Font Info:    ... okay on input line 109.
LaTeX Font Info:    Checking defaults for TS1/cmr/m/n on input line 109.
LaTeX Font Info:    Try loading font information for TS1+cmr on input line 109.

 ("C:\Program Files\MiKTeX 2.9\tex/latex/base\ts1cmr.fd"
File: ts1cmr.fd 2014/09/29 v2.5h Standard LaTeX font definitions
)
LaTeX Font Info:    ... okay on input line 109.
LaTeX Font Info:    Checking defaults for PD1/pdf/m/n on input line 109.
LaTeX Font Info:    ... okay on input line 109.
LaTeX Font Info:    Try loading font information for T1+phv on input line 109.

("C:\Program Files\MiKTeX 2.9\tex/latex/psnfss\t1phv.fd"
File: t1phv.fd 2001/06/04 scalable font definitions for T1/phv.
)
*geometry* driver: auto-detecting
*geometry* detected driver: pdftex
*geometry* verbose mode - [ preamble ] result:
* driver: pdftex
* paper: <default>
* layout: <same size as paper>
* layoutoffset:(h,v)=(0.0pt,0.0pt)
* modes: 
* h-part:(L,W,R)=(48.36958pt, 517.55583pt, 48.36958pt)
* v-part:(T,H,B)=(48.36958pt, 698.23082pt, 48.36958pt)
* \paperwidth=614.295pt
* \paperheight=794.96999pt
* \textwidth=517.55583pt
* \textheight=698.23082pt
* \oddsidemargin=-23.9004pt
* \evensidemargin=-23.9004pt
* \topmargin=-60.9004pt
* \headheight=12.0pt
* \headsep=25.0pt
* \topskip=10.0pt
* \footskip=30.0pt
* \marginparwidth=65.0pt
* \marginparsep=11.0pt
* \columnsep=10.0pt
* \skip\footins=9.0pt plus 4.0pt minus 2.0pt
* \hoffset=0.0pt
* \voffset=0.0pt
* \mag=1000
* \@twocolumnfalse
* \@twosidefalse
* \@mparswitchfalse
* \@reversemarginfalse
* (1in=72.27pt=25.4mm, 1cm=28.453pt)

ABD: EveryShipout initializing macros
("C:\Program Files\MiKTeX 2.9\tex/context/base/mkii\supp-pdf.mkii"
[Loading MPS to PDF converter (version 2006.09.02).]
\scratchcounter=\count356
\scratchdimen=\dimen346
\scratchbox=\box73
\nofMPsegments=\count357
\nofMParguments=\count358
\everyMPshowfont=\toks52
\MPscratchCnt=\count359
\MPscratchDim=\dimen347
\MPnumerator=\count360
\makeMPintoPDFobject=\count361
\everyMPtoPDFconversion=\toks53
) ("C:\Program Files\MiKTeX 2.9\tex/latex/oberdiek\epstopdf-base.sty"
Package: epstopdf-base 2016/05/15 v2.6 Base part for package epstopdf

("C:\Program Files\MiKTeX 2.9\tex/latex/oberdiek\grfext.sty"
Package: grfext 2016/05/16 v1.2 Manage graphics extensions (HO)
)
Package epstopdf-base Info: Redefining graphics rule for `.eps' on input line 4
38.
Package grfext Info: Graphics extension search list:
(grfext)             [.pdf,.png,.jpg,.mps,.jpeg,.jbig2,.jb2,.PDF,.PNG,.JPG,.JPE
G,.JBIG2,.JB2,.eps]
(grfext)             \AppendGraphicsExtensions on input line 456.
)
\c@lstlisting=\count362
Package caption Info: Begin \AtBeginDocument code.
Package caption Info: hyperref package is loaded.
Package caption Info: End \AtBeginDocument code.
\AtBeginShipoutBox=\box74

("C:\Program Files\MiKTeX 2.9\tex/latex/oberdiek\pdflscape.sty"
Package: pdflscape 2016/05/14 v0.11 Display of landscape pages in PDF (HO)

("C:\Program Files\MiKTeX 2.9\tex/latex/graphics\lscape.sty"
Package: lscape 2000/10/22 v3.01 Landscape Pages (DPC)
)
Package pdflscape Info: Auto-detected driver: pdftex on input line 81.
)
Package hyperref Info: Link coloring OFF on input line 109.

("C:\Program Files\MiKTeX 2.9\tex/latex/hyperref\nameref.sty"
Package: nameref 2016/05/21 v2.44 Cross-referencing by name of section

("C:\Program Files\MiKTeX 2.9\tex/generic/oberdiek\gettitlestring.sty"
Package: gettitlestring 2016/05/16 v1.5 Cleanup title references (HO)
)
\c@section@level=\count363
)
LaTeX Info: Redefining \ref on input line 109.
LaTeX Info: Redefining \pageref on input line 109.
LaTeX Info: Redefining \nameref on input line 109.

(main.out) (main.out)
\@outlinefile=\write4
\openout4 = `main.out'.

<logo.png, id=264, 1198.4775pt x 301.125pt>
File: logo.png Graphic file (type png)
<use logo.png>
Package pdftex.def Info: logo.png  used on input line 121.
(pdftex.def)             Requested size: 479.3825pt x 120.44786pt.
LaTeX Font Info:    Try loading font information for U+msa on input line 125.
 ("C:\Program Files\MiKTeX 2.9\tex/latex/amsfonts\umsa.fd"
File: umsa.fd 2013/01/14 v3.01 AMS symbols A
)
LaTeX Font Info:    Try loading font information for U+msb on input line 125.
 ("C:\Program Files\MiKTeX 2.9\tex/latex/amsfonts\umsb.fd"
File: umsb.fd 2013/01/14 v3.01 AMS symbols B
)
LaTeX Font Info:    Font shape `T1/phv/bx/n' in size <20.74> not available
(Font)              Font shape `T1/phv/b/n' tried instead on input line 132.
LaTeX Font Info:    Font shape `T1/phv/m/it' in size <12> not available
(Font)              Font shape `T1/phv/m/sl' tried instead on input line 143.
 [1

{C:/Users/Kolya/AppData/Local/MiKTeX/2.9/pdftex/config/pdftex.map} <./logo.png>
]
LaTeX Font Info:    Font shape `T1/phv/bx/n' in size <24.88> not available
(Font)              Font shape `T1/phv/b/n' tried instead on input line 203.
 (main.toc
LaTeX Font Info:    Font shape `T1/phv/bx/n' in size <10> not available
(Font)              Font shape `T1/phv/b/n' tried instead on input line 2.

[1

])
\tf@toc=\write5
\openout5 = `main.toc'.

 [2] (main.lof [3

])
\tf@lof=\write6
\openout6 = `main.lof'.

 [4] (main.equ)
\tf@equ=\write7
\openout7 = `main.equ'.

 [5

]
LaTeX Font Info:    Font shape `T1/phv/bx/n' in size <17.28> not available
(Font)              Font shape `T1/phv/b/n' tried instead on input line 238.
LaTeX Font Info:    Font shape `T1/phv/m/it' in size <10> not available
(Font)              Font shape `T1/phv/m/sl' tried instead on input line 243.
LaTeX Font Info:    Try loading font information for TS1+phv on input line 248.


("C:\Program Files\MiKTeX 2.9\tex/latex/psnfss\ts1phv.fd"
File: ts1phv.fd 2001/06/04 scalable font definitions for TS1/phv.
)pdfTeX warning (ext4): destination with the same identifier (name{page.1}) has
 been already used, duplicate ignored
<to be read again> 
                   \relax 
l.262 \chapter
              {Preface} [1

]
Chapter 1.
LaTeX Font Info:    Font shape `T1/phv/bx/n' in size <14.4> not available
(Font)              Font shape `T1/phv/b/n' tried instead on input line 266.
<Preface/logo_klippel.png, id=561, 602.25pt x 373.395pt>
File: Preface/logo_klippel.png Graphic file (type png)
<use Preface/logo_klippel.png>
Package pdftex.def Info: Preface/logo_klippel.png  used on input line 270.
(pdftex.def)             Requested size: 126.80283pt x 78.61467pt.
LaTeX Font Info:    Font shape `T1/phv/bx/n' in size <9> not available
(Font)              Font shape `T1/phv/b/n' tried instead on input line 272.
LaTeX Font Info:    Font shape `T1/phv/bx/it' in size <9> not available
(Font)              Font shape `T1/phv/b/it' tried instead on input line 272.
LaTeX Font Info:    Font shape `T1/phv/b/it' in size <9> not available
(Font)              Font shape `T1/phv/b/sl' tried instead on input line 272.
LaTeX Font Info:    Font shape `T1/phv/m/it' in size <9> not available
(Font)              Font shape `T1/phv/m/sl' tried instead on input line 272.
<Preface/NFS2.jpg, id=564, 1165.35374pt x 1552.80125pt>
File: Preface/NFS2.jpg Graphic file (type jpg)
<use Preface/NFS2.jpg>
Package pdftex.def Info: Preface/NFS2.jpg  used on input line 292.
(pdftex.def)             Requested size: 151.5013pt x 201.87125pt.
[2

 <./Preface/logo_klippel.png> <./Preface/NFS2.jpg>]
LaTeX Font Info:    Font shape `T1/phv/bx/n' in size <12> not available
(Font)              Font shape `T1/phv/b/n' tried instead on input line 315.
 [3]
<Preface/NFS_Flowchart.png, id=617, 1144.275pt x 277.78781pt>
File: Preface/NFS_Flowchart.png Graphic file (type png)
<use Preface/NFS_Flowchart.png>
Package pdftex.def Info: Preface/NFS_Flowchart.png  used on input line 393.
(pdftex.def)             Requested size: 414.04623pt x 100.5164pt.
 [4 <./Preface/NFS_Flowchart.png>] [5]
Chapter 2.
<GridOpti/baffle_problems.png, id=644, 965.10562pt x 331.99031pt>
File: GridOpti/baffle_problems.png Graphic file (type png)
<use GridOpti/baffle_problems.png>
Package pdftex.def Info: GridOpti/baffle_problems.png  used on input line 452.
(pdftex.def)             Requested size: 310.53665pt x 106.82162pt.
<GridOpti/El_Grid_Draw.png, id=646, 847.66687pt x 462.22687pt>
File: GridOpti/El_Grid_Draw.png Graphic file (type png)
<use GridOpti/El_Grid_Draw.png>
Package pdftex.def Info: GridOpti/El_Grid_Draw.png  used on input line 469.
(pdftex.def)             Requested size: 186.31598pt x 101.59148pt.
<GridOpti/El_Sph_Draw.png, id=647, 925.95938pt x 522.45187pt>
File: GridOpti/El_Sph_Draw.png Graphic file (type png)
<use GridOpti/El_Sph_Draw.png>
Package pdftex.def Info: GridOpti/El_Sph_Draw.png  used on input line 480.
(pdftex.def)             Requested size: 165.61595pt x 93.43938pt.
[6

 <./GridOpti/baffle_problems.png> <./GridOpti/El_Grid_Draw.png> <./GridOpti/El_
Sph_Draw.png>]
<GridOpti/Mag_Compa_El_Sph.png, id=659, 796.6563pt x 597.432pt>
File: GridOpti/Mag_Compa_El_Sph.png Graphic file (type png)
<use GridOpti/Mag_Compa_El_Sph.png>
Package pdftex.def Info: GridOpti/Mag_Compa_El_Sph.png  used on input line 505.

(pdftex.def)             Requested size: 232.89853pt x 174.65471pt.
<GridOpti/Phase_Compa_El_Sph.png, id=660, 796.6563pt x 597.432pt>
File: GridOpti/Phase_Compa_El_Sph.png Graphic file (type png)
<use GridOpti/Phase_Compa_El_Sph.png>
Package pdftex.def Info: GridOpti/Phase_Compa_El_Sph.png  used on input line 51
3.
(pdftex.def)             Requested size: 232.89853pt x 174.65471pt.
<GridOpti/Baffle_Alone_2.png, id=665, 103.24286pt x 92.71208pt>
File: GridOpti/Baffle_Alone_2.png Graphic file (type png)
<use GridOpti/Baffle_Alone_2.png>
Package pdftex.def Info: GridOpti/Baffle_Alone_2.png  used on input line 550.
(pdftex.def)             Requested size: 165.61595pt x 148.73419pt.
 [7 <./GridOpti/Mag_Compa_El_Sph.png (PNG copy)> <./GridOpti/Phase_Compa_El_Sph
.png (PNG copy)>]
<GridOpti/Baffle_meas_Points.png, id=675, 500.1084pt x 449.31291pt>
File: GridOpti/Baffle_meas_Points.png Graphic file (type png)
<use GridOpti/Baffle_meas_Points.png>
Package pdftex.def Info: GridOpti/Baffle_meas_Points.png  used on input line 56
5.
(pdftex.def)             Requested size: 139.74054pt x 125.54622pt.
<GridOpti/Vib_Pow.png, id=678, 246.6816pt x 185.0112pt>
File: GridOpti/Vib_Pow.png Graphic file (type png)
<use GridOpti/Vib_Pow.png>
Package pdftex.def Info: GridOpti/Vib_Pow.png  used on input line 592.
(pdftex.def)             Requested size: 258.77791pt x 194.10092pt.
<GridOpti/Vib_Pow_SPW.png, id=679, 796.6563pt x 597.432pt>
File: GridOpti/Vib_Pow_SPW.png Graphic file (type png)
<use GridOpti/Vib_Pow_SPW.png>
Package pdftex.def Info: GridOpti/Vib_Pow_SPW.png  used on input line 600.
(pdftex.def)             Requested size: 258.77791pt x 194.06282pt.
 [8 <./GridOpti/Baffle_Alone_2.png> <./GridOpti/Baffle_meas_Points.png>]
<GridOpti/Baffle_Rattle.png, id=702, 796.6563pt x 597.432pt>
File: GridOpti/Baffle_Rattle.png Graphic file (type png)
<use GridOpti/Baffle_Rattle.png>
Package pdftex.def Info: GridOpti/Baffle_Rattle.png  used on input line 633.
(pdftex.def)             Requested size: 232.89853pt x 174.65471pt.
<GridOpti/Baffle_Rattle_Sono.png, id=703, 1038.12843pt x 778.40813pt>
File: GridOpti/Baffle_Rattle_Sono.png Graphic file (type png)
<use GridOpti/Baffle_Rattle_Sono.png>
Package pdftex.def Info: GridOpti/Baffle_Rattle_Sono.png  used on input line 64
1.
(pdftex.def)             Requested size: 232.89853pt x 174.62354pt.
 [9<<GridOpti/baffle_vib.avi>> <./GridOpti/Vib_Pow.png (PNG copy)> <./GridOpti/
Vib_Pow_SPW.png (PNG copy)>]
<GridOpti/meas_rattling.png, id=709, 505.89pt x 532.99126pt>
File: GridOpti/meas_rattling.png Graphic file (type png)
<use GridOpti/meas_rattling.png>
Package pdftex.def Info: GridOpti/meas_rattling.png  used on input line 661.
(pdftex.def)             Requested size: 103.50958pt x 109.05246pt.
 [10 <./GridOpti/Baffle_Rattle.png (PNG copy)> <./GridOpti/Baffle_Rattle_Sono.p
ng> <./GridOpti/meas_rattling.png>]
Chapter 3.
<Sym/flowchart.png, id=717, 841.64438pt x 134.00063pt>
File: Sym/flowchart.png Graphic file (type png)
<use Sym/flowchart.png>
Package pdftex.def Info: Sym/flowchart.png  used on input line 685.
(pdftex.def)             Requested size: 362.28749pt x 57.68047pt.
<Appendix/Spherical_Harmo.png, id=719, 902.6222pt x 493.845pt>
File: Appendix/Spherical_Harmo.png Graphic file (type png)
<use Appendix/Spherical_Harmo.png>
Package pdftex.def Info: Appendix/Spherical_Harmo.png  used on input line 698.
(pdftex.def)             Requested size: 207.0231pt x 113.26546pt.
[11

 <./Sym/flowchart.png> <./Appendix/Spherical_Harmo.png>]
<Appendix/Rot_Sym.png, id=750, 397.485pt x 491.58656pt>
File: Appendix/Rot_Sym.png Graphic file (type png)
<use Appendix/Rot_Sym.png>
Package pdftex.def Info: Appendix/Rot_Sym.png  used on input line 779.
(pdftex.def)             Requested size: 115.51636pt x 142.2639pt.
<Appendix/Dual_Plane_Sym.png, id=751, 405.01312pt x 491.58656pt>
File: Appendix/Dual_Plane_Sym.png Graphic file (type png)
<use Appendix/Dual_Plane_Sym.png>
Package pdftex.def Info: Appendix/Dual_Plane_Sym.png  used on input line 787.
(pdftex.def)             Requested size: 115.51645pt x 142.2639pt.
<Appendix/Baffle_Sym.png, id=752, 401.24907pt x 471.26062pt>
File: Appendix/Baffle_Sym.png Graphic file (type png)
<use Appendix/Baffle_Sym.png>
Package pdftex.def Info: Appendix/Baffle_Sym.png  used on input line 795.
(pdftex.def)             Requested size: 115.51433pt x 142.26375pt.
<Appendix/Single_Plane_Sym.png, id=753, 392.21532pt x 518.6878pt>
File: Appendix/Single_Plane_Sym.png Graphic file (type png)
<use Appendix/Single_Plane_Sym.png>
Package pdftex.def Info: Appendix/Single_Plane_Sym.png  used on input line 803.

(pdftex.def)             Requested size: 109.10136pt x 142.26364pt.
 [12 <./Appendix/Rot_Sym.png> <./Appendix/Dual_Plane_Sym.png> <./Appendix/Baffl
e_Sym.png> <./Appendix/Single_Plane_Sym.png>] [13]
<Sym/Rad_Pow_10cmWoofer.png, id=784, 796.6563pt x 597.432pt>
File: Sym/Rad_Pow_10cmWoofer.png Graphic file (type png)
<use Sym/Rad_Pow_10cmWoofer.png>
Package pdftex.def Info: Sym/Rad_Pow_10cmWoofer.png  used on input line 928.
(pdftex.def)             Requested size: 258.77791pt x 194.06282pt.
<Sym/Sym_Fact_10cmWoofer.png, id=785, 796.6563pt x 597.432pt>
File: Sym/Sym_Fact_10cmWoofer.png Graphic file (type png)
<use Sym/Sym_Fact_10cmWoofer.png>
Package pdftex.def Info: Sym/Sym_Fact_10cmWoofer.png  used on input line 936.
(pdftex.def)             Requested size: 258.77791pt x 194.06282pt.
 [14 <./Sym/Rad_Pow_10cmWoofer.png (PNG copy)> <./Sym/Sym_Fact_10cmWoofer.png (
PNG copy)>]
<Sym/Rad_Pow_OvalSpkr.png, id=801, 796.6563pt x 597.432pt>
File: Sym/Rad_Pow_OvalSpkr.png Graphic file (type png)
<use Sym/Rad_Pow_OvalSpkr.png>
Package pdftex.def Info: Sym/Rad_Pow_OvalSpkr.png  used on input line 960.
(pdftex.def)             Requested size: 258.77791pt x 194.06282pt.
<Sym/Sym_Fact_OvalSpkr.png, id=802, 796.6563pt x 597.432pt>
File: Sym/Sym_Fact_OvalSpkr.png Graphic file (type png)
<use Sym/Sym_Fact_OvalSpkr.png>
Package pdftex.def Info: Sym/Sym_Fact_OvalSpkr.png  used on input line 968.
(pdftex.def)             Requested size: 258.77791pt x 194.06282pt.
<Sym/phase_oval.png, id=805, 369.63094pt x 294.34969pt>
File: Sym/phase_oval.png Graphic file (type png)
<use Sym/phase_oval.png>
Package pdftex.def Info: Sym/phase_oval.png  used on input line 988.
(pdftex.def)             Requested size: 207.0231pt x 164.86163pt.
 [15 <./Sym/Rad_Pow_OvalSpkr.png (PNG copy)> <./Sym/Sym_Fact_OvalSpkr.png (PNG 
copy)> <./Sym/phase_oval.png>]
<Sym/Rad_Pow_BnO.png, id=815, 796.6563pt x 597.432pt>
File: Sym/Rad_Pow_BnO.png Graphic file (type png)
<use Sym/Rad_Pow_BnO.png>
Package pdftex.def Info: Sym/Rad_Pow_BnO.png  used on input line 1003.
(pdftex.def)             Requested size: 258.77791pt x 194.06282pt.
<Sym/Sym_Fact_BnO.png, id=816, 796.6563pt x 597.432pt>
File: Sym/Sym_Fact_BnO.png Graphic file (type png)
<use Sym/Sym_Fact_BnO.png>
Package pdftex.def Info: Sym/Sym_Fact_BnO.png  used on input line 1011.
(pdftex.def)             Requested size: 258.77791pt x 194.06282pt.

[16 <./Sym/Rad_Pow_BnO.png (PNG copy)> <./Sym/Sym_Fact_BnO.png (PNG copy)>]
Chapter 4.
<RoomComp/Sonograph_Meas.png, id=827, 796.6563pt x 597.432pt>
File: RoomComp/Sonograph_Meas.png Graphic file (type png)
<use RoomComp/Sonograph_Meas.png>
Package pdftex.def Info: RoomComp/Sonograph_Meas.png  used on input line 1046.
(pdftex.def)             Requested size: 162.74178pt x 122.0459pt.
<RoomComp/Sonograph_MagFilt.png, id=828, 796.6563pt x 597.432pt>
File: RoomComp/Sonograph_MagFilt.png Graphic file (type png)
<use RoomComp/Sonograph_MagFilt.png>
Package pdftex.def Info: RoomComp/Sonograph_MagFilt.png  used on input line 105
4.
(pdftex.def)             Requested size: 162.74178pt x 122.0459pt.
<RoomComp/Sonograph_RoomCor.png, id=829, 796.6563pt x 597.432pt>
File: RoomComp/Sonograph_RoomCor.png Graphic file (type png)
<use RoomComp/Sonograph_RoomCor.png>
Package pdftex.def Info: RoomComp/Sonograph_RoomCor.png  used on input line 106
2.
(pdftex.def)             Requested size: 162.74178pt x 122.0459pt.
<RoomComp/flowchart_prefilter.png, id=837, 1082.54437pt x 231.86626pt>
File: RoomComp/flowchart_prefilter.png Graphic file (type png)
<use RoomComp/flowchart_prefilter.png>
Package pdftex.def Info: RoomComp/flowchart_prefilter.png  used on input line 1
079.
(pdftex.def)             Requested size: 207.01917pt x 44.33807pt.
<RoomComp/flowchart_LFR.png, id=841, 729.47531pt x 484.05844pt>
File: RoomComp/flowchart_LFR.png Graphic file (type png)
<use RoomComp/flowchart_LFR.png>
Package pdftex.def Info: RoomComp/flowchart_LFR.png  used on input line 1089.
(pdftex.def)             Requested size: 207.01917pt x 137.36719pt.
[17

 <./RoomComp/Sonograph_Meas.png (PNG copy)> <./RoomComp/Sonograph_MagFilt.png (
PNG copy)> <./RoomComp/Sonograph_RoomCor.png (PNG copy)> <./RoomComp/flowchart_
prefilter.png>]
<RoomComp/NFFF_Setup.png, id=847, 584.1825pt x 484.81125pt>
File: RoomComp/NFFF_Setup.png Graphic file (type png)
<use RoomComp/NFFF_Setup.png>
Package pdftex.def Info: RoomComp/NFFF_Setup.png  used on input line 1104.
(pdftex.def)             Requested size: 144.91278pt x 120.26302pt.
<RoomComp/NF_FF_compa.png, id=853, 246.6816pt x 185.0112pt>
File: RoomComp/NF_FF_compa.png Graphic file (type png)
<use RoomComp/NF_FF_compa.png>
Package pdftex.def Info: RoomComp/NF_FF_compa.png  used on input line 1120.
(pdftex.def)             Requested size: 207.0231pt x 155.27283pt.
<RoomComp/NF_FF_result.png, id=854, 246.6816pt x 185.0112pt>
File: RoomComp/NF_FF_result.png Graphic file (type png)
<use RoomComp/NF_FF_result.png>
Package pdftex.def Info: RoomComp/NF_FF_result.png  used on input line 1128.
(pdftex.def)             Requested size: 207.0231pt x 155.27283pt.
 [18 <./RoomComp/flowchart_LFR.png> <./RoomComp/NFFF_Setup.png> <./RoomComp/NF_
FF_compa.png (PNG copy)> <./RoomComp/NF_FF_result.png (PNG copy)>]
<RoomComp/NFS_compa.png, id=861, 796.6563pt x 597.432pt>
File: RoomComp/NFS_compa.png Graphic file (type png)
<use RoomComp/NFS_compa.png>
Package pdftex.def Info: RoomComp/NFS_compa.png  used on input line 1144.
(pdftex.def)             Requested size: 207.01917pt x 155.24661pt.
<RoomComp/dbkeele.png, id=866, 796.6563pt x 597.432pt>
File: RoomComp/dbkeele.png Graphic file (type png)
<use RoomComp/dbkeele.png>
Package pdftex.def Info: RoomComp/dbkeele.png  used on input line 1167.
(pdftex.def)             Requested size: 207.01917pt x 155.24661pt.
 [19 <./RoomComp/NFS_compa.png (PNG copy)> <./RoomComp/dbkeele.png (PNG copy)>]
<RoomComp/Mic_Pos_Schm.png, id=881, 538.26094pt x 542.77782pt>
File: RoomComp/Mic_Pos_Schm.png Graphic file (type png)
<use RoomComp/Mic_Pos_Schm.png>
Package pdftex.def Info: RoomComp/Mic_Pos_Schm.png  used on input line 1190.
(pdftex.def)             Requested size: 163.03181pt x 164.39992pt.
<RoomComp/MicPos_TRF.png, id=882, 796.6563pt x 597.432pt>
File: RoomComp/MicPos_TRF.png Graphic file (type png)
<use RoomComp/MicPos_TRF.png>
Package pdftex.def Info: RoomComp/MicPos_TRF.png  used on input line 1198.
(pdftex.def)             Requested size: 310.53665pt x 232.87903pt.
 [20 <./RoomComp/Mic_Pos_Schm.png> <./RoomComp/MicPos_TRF.png (PNG copy)>]
<RoomComp/MicPos_Diff_NFS_TRF.png, id=893, 246.6816pt x 185.0112pt>
File: RoomComp/MicPos_Diff_NFS_TRF.png Graphic file (type png)
<use RoomComp/MicPos_Diff_NFS_TRF.png>
Package pdftex.def Info: RoomComp/MicPos_Diff_NFS_TRF.png  used on input line 1
212.
(pdftex.def)             Requested size: 232.89853pt x 174.6784pt.
<RoomComp/MicPos_Diff_RefMEas.png, id=894, 796.6563pt x 597.432pt>
File: RoomComp/MicPos_Diff_RefMEas.png Graphic file (type png)
<use RoomComp/MicPos_Diff_RefMEas.png>
Package pdftex.def Info: RoomComp/MicPos_Diff_RefMEas.png  used on input line 1
220.
(pdftex.def)             Requested size: 232.89853pt x 174.65471pt.
<RoomComp/Compa_NFS_BAffle.png, id=898, 796.6563pt x 597.432pt>
File: RoomComp/Compa_NFS_BAffle.png Graphic file (type png)
<use RoomComp/Compa_NFS_BAffle.png>
Package pdftex.def Info: RoomComp/Compa_NFS_BAffle.png  used on input line 1239
.
(pdftex.def)             Requested size: 181.14374pt x 135.8385pt.
<RoomComp/diff_kms.png, id=899, 246.6816pt x 185.0112pt>
File: RoomComp/diff_kms.png Graphic file (type png)
<use RoomComp/diff_kms.png>
Package pdftex.def Info: RoomComp/diff_kms.png  used on input line 1247.
(pdftex.def)             Requested size: 181.14374pt x 135.8616pt.
[21 <./RoomComp/MicPos_Diff_NFS_TRF.png (PNG copy)> <./RoomComp/MicPos_Diff_Ref
MEas.png (PNG copy)> <./RoomComp/Compa_NFS_BAffle.png (PNG copy)> <./RoomComp/d
iff_kms.png (PNG copy)>] [22]
<RoomComp/Imp_Comps.png, id=923, 796.6563pt x 597.432pt>
File: RoomComp/Imp_Comps.png Graphic file (type png)
<use RoomComp/Imp_Comps.png>
Package pdftex.def Info: RoomComp/Imp_Comps.png  used on input line 1325.
(pdftex.def)             Requested size: 232.89853pt x 174.65471pt.
<RoomComp/Disp_Comps.png, id=924, 796.6563pt x 597.432pt>
File: RoomComp/Disp_Comps.png Graphic file (type png)
<use RoomComp/Disp_Comps.png>
Package pdftex.def Info: RoomComp/Disp_Comps.png  used on input line 1333.
(pdftex.def)             Requested size: 232.89853pt x 174.65471pt.
<RoomComp/tetbox_res.png, id=929, 796.6563pt x 597.432pt>
File: RoomComp/tetbox_res.png Graphic file (type png)
<use RoomComp/tetbox_res.png>
Package pdftex.def Info: RoomComp/tetbox_res.png  used on input line 1359.
(pdftex.def)             Requested size: 207.01917pt x 155.24661pt.
 [23 <./RoomComp/Imp_Comps.png (PNG copy)> <./RoomComp/Disp_Comps.png (PNG copy
)> <./RoomComp/tetbox_res.png (PNG copy)>]
[24] (main.bbl [25

]
LaTeX Font Info:    Try loading font information for T1+cmtt on input line 25.
 ("C:\Program Files\MiKTeX 2.9\tex/latex/base\t1cmtt.fd"
File: t1cmtt.fd 2014/09/29 v2.5h Standard LaTeX font definitions
))
[26

]
Appendix A.
<Appendix/Vib_RadPow.png, id=956, 246.6816pt x 185.0112pt>
File: Appendix/Vib_RadPow.png Graphic file (type png)
<use Appendix/Vib_RadPow.png>
Package pdftex.def Info: Appendix/Vib_RadPow.png  used on input line 1446.
(pdftex.def)             Requested size: 465.79709pt x 349.38223pt.
<Sym/contour.png, id=957, 858.95906pt x 379.4175pt>
File: Sym/contour.png Graphic file (type png)
<use Sym/contour.png>
Package pdftex.def Info: Sym/contour.png  used on input line 1460.
(pdftex.def)             Requested size: 232.89853pt x 102.8725pt.
<Sym/10cm_RadPow_Rot.png, id=958, 796.6563pt x 597.432pt>
File: Sym/10cm_RadPow_Rot.png Graphic file (type png)
<use Sym/10cm_RadPow_Rot.png>
Package pdftex.def Info: Sym/10cm_RadPow_Rot.png  used on input line 1468.
(pdftex.def)             Requested size: 232.89853pt x 174.65471pt.
[1

 <./Appendix/Vib_RadPow.png>]
<Sym/10cm_RadPow_B.png, id=963, 796.6563pt x 597.432pt>
File: Sym/10cm_RadPow_B.png Graphic file (type png)
<use Sym/10cm_RadPow_B.png>
Package pdftex.def Info: Sym/10cm_RadPow_B.png  used on input line 1476.
(pdftex.def)             Requested size: 232.89853pt x 174.65471pt.
<Sym/10cm_RadPow_Dps.png, id=964, 796.6563pt x 597.432pt>
File: Sym/10cm_RadPow_Dps.png Graphic file (type png)
<use Sym/10cm_RadPow_Dps.png>
Package pdftex.def Info: Sym/10cm_RadPow_Dps.png  used on input line 1483.
(pdftex.def)             Requested size: 232.89853pt x 174.65471pt.
<Sym/10cm_RadPow_SpsLR.png, id=965, 796.6563pt x 597.432pt>
File: Sym/10cm_RadPow_SpsLR.png Graphic file (type png)
<use Sym/10cm_RadPow_SpsLR.png>
Package pdftex.def Info: Sym/10cm_RadPow_SpsLR.png  used on input line 1491.
(pdftex.def)             Requested size: 232.89853pt x 174.65471pt.
<Sym/10cm_RadPow_SpsTB.png, id=966, 796.6563pt x 597.432pt>
File: Sym/10cm_RadPow_SpsTB.png Graphic file (type png)
<use Sym/10cm_RadPow_SpsTB.png>
Package pdftex.def Info: Sym/10cm_RadPow_SpsTB.png  used on input line 1498.
(pdftex.def)             Requested size: 232.89853pt x 174.65471pt.
<Sym/contour_oval.png, id=967, 947.54pt x 548.0475pt>
File: Sym/contour_oval.png Graphic file (type png)
<use Sym/contour_oval.png>
Package pdftex.def Info: Sym/contour_oval.png  used on input line 1509.
(pdftex.def)             Requested size: 258.77791pt x 149.6724pt.
<Sym/Oval_RadPow_Rot.png, id=968, 796.6563pt x 597.432pt>
File: Sym/Oval_RadPow_Rot.png Graphic file (type png)
<use Sym/Oval_RadPow_Rot.png>
Package pdftex.def Info: Sym/Oval_RadPow_Rot.png  used on input line 1517.
(pdftex.def)             Requested size: 232.89853pt x 174.65471pt.
 [2 <./Sym/contour.png> <./Sym/10cm_RadPow_Rot.png (PNG copy)> <./Sym/10cm_RadP
ow_B.png (PNG copy)> <./Sym/10cm_RadPow_Dps.png (PNG copy)> <./Sym/10cm_RadPow_
SpsLR.png (PNG copy)> <./Sym/10cm_RadPow_SpsTB.png (PNG copy)>]
<Sym/Oval_RadPow_B.png, id=974, 796.6563pt x 597.432pt>
File: Sym/Oval_RadPow_B.png Graphic file (type png)
<use Sym/Oval_RadPow_B.png>
Package pdftex.def Info: Sym/Oval_RadPow_B.png  used on input line 1525.
(pdftex.def)             Requested size: 232.89853pt x 174.65471pt.
<Sym/Oval_RadPow_Dps.png, id=975, 796.6563pt x 597.432pt>
File: Sym/Oval_RadPow_Dps.png Graphic file (type png)
<use Sym/Oval_RadPow_Dps.png>
Package pdftex.def Info: Sym/Oval_RadPow_Dps.png  used on input line 1532.
(pdftex.def)             Requested size: 232.89853pt x 174.65471pt.
<Sym/Oval_RadPow_SpsLR.png, id=976, 796.6563pt x 597.432pt>
File: Sym/Oval_RadPow_SpsLR.png Graphic file (type png)
<use Sym/Oval_RadPow_SpsLR.png>
Package pdftex.def Info: Sym/Oval_RadPow_SpsLR.png  used on input line 1540.
(pdftex.def)             Requested size: 232.89853pt x 174.65471pt.
<Sym/Oval_RadPow_SpsTB.png, id=977, 796.6563pt x 597.432pt>
File: Sym/Oval_RadPow_SpsTB.png Graphic file (type png)
<use Sym/Oval_RadPow_SpsTB.png>
Package pdftex.def Info: Sym/Oval_RadPow_SpsTB.png  used on input line 1547.
(pdftex.def)             Requested size: 232.89853pt x 174.65471pt.
<Sym/Contour_BnO.png, id=978, 947.54pt x 548.0475pt>
File: Sym/Contour_BnO.png Graphic file (type png)
<use Sym/Contour_BnO.png>
Package pdftex.def Info: Sym/Contour_BnO.png  used on input line 1558.
(pdftex.def)             Requested size: 258.77791pt x 149.6724pt.
<Sym/BnO_RadPow_Rot.png, id=979, 796.6563pt x 597.432pt>
File: Sym/BnO_RadPow_Rot.png Graphic file (type png)
<use Sym/BnO_RadPow_Rot.png>
Package pdftex.def Info: Sym/BnO_RadPow_Rot.png  used on input line 1566.
(pdftex.def)             Requested size: 232.89853pt x 174.65471pt.
 [3 <./Sym/contour_oval.png> <./Sym/Oval_RadPow_Rot.png (PNG copy)> <./Sym/Oval
_RadPow_B.png (PNG copy)> <./Sym/Oval_RadPow_Dps.png (PNG copy)> <./Sym/Oval_Ra
dPow_SpsLR.png (PNG copy)> <./Sym/Oval_RadPow_SpsTB.png (PNG copy)>]
<Sym/BnO_RadPow_B.png, id=985, 796.6563pt x 597.432pt>
File: Sym/BnO_RadPow_B.png Graphic file (type png)
<use Sym/BnO_RadPow_B.png>
Package pdftex.def Info: Sym/BnO_RadPow_B.png  used on input line 1574.
(pdftex.def)             Requested size: 232.89853pt x 174.65471pt.
<Sym/BnO_RadPow_Dps.png, id=986, 796.6563pt x 597.432pt>
File: Sym/BnO_RadPow_Dps.png Graphic file (type png)
<use Sym/BnO_RadPow_Dps.png>
Package pdftex.def Info: Sym/BnO_RadPow_Dps.png  used on input line 1581.
(pdftex.def)             Requested size: 232.89853pt x 174.65471pt.
<Sym/BnO_RadPow_SpsLR.png, id=987, 796.6563pt x 597.432pt>
File: Sym/BnO_RadPow_SpsLR.png Graphic file (type png)
<use Sym/BnO_RadPow_SpsLR.png>
Package pdftex.def Info: Sym/BnO_RadPow_SpsLR.png  used on input line 1589.
(pdftex.def)             Requested size: 232.89853pt x 174.65471pt.
<Sym/BnO_RadPow_SpsTB.png, id=988, 796.6563pt x 597.432pt>
File: Sym/BnO_RadPow_SpsTB.png Graphic file (type png)
<use Sym/BnO_RadPow_SpsTB.png>
Package pdftex.def Info: Sym/BnO_RadPow_SpsTB.png  used on input line 1596.
(pdftex.def)             Requested size: 232.89853pt x 174.65471pt.
File: RoomComp/MicPos_TRF.png Graphic file (type png)
<use RoomComp/MicPos_TRF.png>
Package pdftex.def Info: RoomComp/MicPos_TRF.png  used on input line 1611.
(pdftex.def)             Requested size: 605.45293pt x 454.04393pt.
 [4 <./Sym/Contour_BnO.png> <./Sym/BnO_RadPow_Rot.png (PNG copy)> <./Sym/BnO_Ra
dPow_B.png (PNG copy)> <./Sym/BnO_RadPow_Dps.png (PNG copy)> <./Sym/BnO_RadPow_
SpsLR.png (PNG copy)> <./Sym/BnO_RadPow_SpsTB.png (PNG copy)>] [5]
Appendix B.
<Appendix/Round_Spkr.png, id=1002, 103.24286pt x 93.7445pt>
File: Appendix/Round_Spkr.png Graphic file (type png)
<use Appendix/Round_Spkr.png>
Package pdftex.def Info: Appendix/Round_Spkr.png  used on input line 1631.
(pdftex.def)             Requested size: 103.2426pt x 93.74426pt.
<Appendix/Oval_Spkr.png, id=1004, 103.24286pt x 68.75975pt>
File: Appendix/Oval_Spkr.png Graphic file (type png)
<use Appendix/Oval_Spkr.png>
Package pdftex.def Info: Appendix/Oval_Spkr.png  used on input line 1662.
(pdftex.def)             Requested size: 103.2426pt x 68.75957pt.
<Sym/Spkr_BmO.png, id=1007, 919.93687pt x 546.54187pt>
File: Sym/Spkr_BmO.png Graphic file (type png)
<use Sym/Spkr_BmO.png>
Package pdftex.def Info: Sym/Spkr_BmO.png  used on input line 1679.
(pdftex.def)             Requested size: 183.98412pt x 109.30643pt.
[6

 <./Appendix/Round_Spkr.png> <./Appendix/Oval_Spkr.png> <./Sym/Spkr_BmO.png>]
Appendix C.
<Appendix/baffle_back.jpg, id=1015, 368.7835pt x 358.04623pt>
File: Appendix/baffle_back.jpg Graphic file (type jpg)
<use Appendix/baffle_back.jpg>
Package pdftex.def Info: Appendix/baffle_back.jpg  used on input line 1695.
(pdftex.def)             Requested size: 232.89853pt x 226.11664pt.
<Appendix/baffle_clamps.jpg, id=1016, 322.11772pt x 375.804pt>
File: Appendix/baffle_clamps.jpg Graphic file (type jpg)
<use Appendix/baffle_clamps.jpg>
Package pdftex.def Info: Appendix/baffle_clamps.jpg  used on input line 1701.
(pdftex.def)             Requested size: 232.89853pt x 271.7198pt.
<Appendix/baffle_side.jpg, id=1017, 221.55917pt x 503.61865pt>
File: Appendix/baffle_side.jpg Graphic file (type jpg)
<use Appendix/baffle_side.jpg>
Package pdftex.def Info: Appendix/baffle_side.jpg  used on input line 1709.
(pdftex.def)             Requested size: 232.89853pt x 529.41458pt.
[7

 <./Appendix/baffle_back.jpg> <./Appendix/baffle_clamps.jpg> <./Appendix/baffle
_side.jpg>]
Appendix D.
LaTeX Font Info:    Font shape `T1/phv/bx/it' in size <10> not available
(Font)              Font shape `T1/phv/b/it' tried instead on input line 1722.
LaTeX Font Info:    Font shape `T1/phv/b/it' in size <10> not available
(Font)              Font shape `T1/phv/b/sl' tried instead on input line 1722.
("C:\Program Files\MiKTeX 2.9\tex/latex/listings\lstlang1.sty"
File: lstlang1.sty 2019/02/27 1.8b listings language file
)
LaTeX Font Info:    Try loading font information for T1+pcr on input line 1725.


("C:\Program Files\MiKTeX 2.9\tex/latex/psnfss\t1pcr.fd"
File: t1pcr.fd 2001/06/04 font definitions for T1/pcr.
)
LaTeX Font Info:    Try loading font information for TS1+pcr on input line 1729
.

("C:\Program Files\MiKTeX 2.9\tex/latex/psnfss\ts1pcr.fd"
File: ts1pcr.fd 2001/06/04 font definitions for TS1/pcr.
) [8

] [9]
Appendix E.
<Appendix/Plan1.png, id=1167, 1343.0175pt x 980.91469pt>
File: Appendix/Plan1.png Graphic file (type png)
<use Appendix/Plan1.png>
Package pdftex.def Info: Appendix/Plan1.png  used on input line 1870.
(pdftex.def)             Requested size: 517.55583pt x 378.00505pt.
[10

 <./Appendix/Plan1.png>]
Appendix F.

Package movie15 Warning: @@@@@@@@@@@@@@@@@@@@@@@@@@@@@@@@@@@@@@@
(movie15)                @@ Package `movie15' is obsolete and @@
(movie15)                @@ superseded by `media9'.           @@
(movie15)                @@@@@@@@@@@@@@@@@@@@@@@@@@@@@@@@@@@@@@@.

[11

]

Package movie15 Warning: @@@@@@@@@@@@@@@@@@@@@@@@@@@@@@@@@@@@@@@@@@@
(movie15)                @@ Rerun to get object references right! @@
(movie15)                @@@@@@@@@@@@@@@@@@@@@@@@@@@@@@@@@@@@@@@@@@@.

Package atveryend Info: Empty hook `BeforeClearDocument' on input line 1889.
Package atveryend Info: Empty hook `AfterLastShipout' on input line 1889.
(main.aux)
Package atveryend Info: Executing hook `AtVeryEndDocument' on input line 1889.
Package atveryend Info: Executing hook `AtEndAfterFileList' on input line 1889.

Package rerunfilecheck Info: File `main.out' has not changed.
(rerunfilecheck)             Checksum: 9EB99CCA6E9E518F0AF9BA31FE0128C9;4161.
 ) 
Here is how much of TeX's memory you used:
 45036 strings out of 492945
 897283 string characters out of 3135512
 1388438 words of memory out of 3000000
 47826 multiletter control sequences out of 15000+200000
 619005 words of font info for 115 fonts, out of 3000000 for 9000
 1141 hyphenation exceptions out of 8191
 62i,26n,81p,850b,3312s stack positions out of 5000i,500n,10000p,200000b,50000s
{C:/Program Files/MiKTeX 2.9/fonts/enc/dvips/base/8r.enc} <C:\Users\Kolya\App
Data\Local\MiKTeX\2.9\fonts/pk/ljfour/jknappen/ec/dpi600\ectt1000.pk><C:/Progra
m Files/MiKTeX 2.9/fonts/type1/public/amsfonts/cm/cmbx10.pfb><C:/Program Files/
MiKTeX 2.9/fonts/type1/public/amsfonts/cm/cmbx7.pfb><C:/Program Files/MiKTeX 2.
9/fonts/type1/public/amsfonts/cm/cmex10.pfb><C:/Program Files/MiKTeX 2.9/fonts/
type1/public/amsfonts/cm/cmmi10.pfb><C:/Program Files/MiKTeX 2.9/fonts/type1/pu
blic/amsfonts/cm/cmmi5.pfb><C:/Program Files/MiKTeX 2.9/fonts/type1/public/amsf
onts/cm/cmmi6.pfb><C:/Program Files/MiKTeX 2.9/fonts/type1/public/amsfonts/cm/c
mmi7.pfb><C:/Program Files/MiKTeX 2.9/fonts/type1/public/amsfonts/cm/cmmi9.pfb>
<C:/Program Files/MiKTeX 2.9/fonts/type1/public/amsfonts/cm/cmr10.pfb><C:/Progr
am Files/MiKTeX 2.9/fonts/type1/public/amsfonts/cm/cmr5.pfb><C:/Program Files/M
iKTeX 2.9/fonts/type1/public/amsfonts/cm/cmr7.pfb><C:/Program Files/MiKTeX 2.9/
fonts/type1/public/amsfonts/cm/cmsy10.pfb><C:/Program Files/MiKTeX 2.9/fonts/ty
pe1/public/amsfonts/cm/cmsy7.pfb><C:/Program Files/MiKTeX 2.9/fonts/type1/publi
c/amsfonts/cm/cmsy8.pfb><C:/Program Files/MiKTeX 2.9/fonts/type1/public/amsfont
s/symbols/msbm10.pfb><C:/Program Files/MiKTeX 2.9/fonts/type1/urw/courier/ucrr8
a.pfb><C:/Program Files/MiKTeX 2.9/fonts/type1/urw/helvetic/uhvb8a.pfb><C:/Prog
ram Files/MiKTeX 2.9/fonts/type1/urw/helvetic/uhvbo8a.pfb><C:/Program Files/MiK
TeX 2.9/fonts/type1/urw/helvetic/uhvr8a.pfb><C:/Program Files/MiKTeX 2.9/fonts/
type1/urw/helvetic/uhvro8a.pfb>
Output written on main.pdf (43 pages, 17295491 bytes).
PDF statistics:
 1350 PDF objects out of 1440 (max. 8388607)
 385 named destinations out of 1000 (max. 500000)
 983 words of extra memory for PDF output out of 10000 (max. 10000000)

