\BOOKMARK [0][-]{chapter*.2}{List of Figures}{}% 1
\BOOKMARK [0][-]{chapter*.2}{List of Equations}{}% 2
\BOOKMARK [0][-]{chapter*.3}{Introduction}{}% 3
\BOOKMARK [0][-]{chapter.1}{Preface}{}% 4
\BOOKMARK [1][-]{section.1.1}{Presentation of the company}{chapter.1}% 5
\BOOKMARK [1][-]{section.1.2}{Context and aim of the work}{chapter.1}% 6
\BOOKMARK [1][-]{section.1.3}{Literature review}{chapter.1}% 7
\BOOKMARK [2][-]{subsection.1.3.1}{Field Separation}{section.1.3}% 8
\BOOKMARK [2][-]{subsection.1.3.2}{Near Field measurements}{section.1.3}% 9
\BOOKMARK [0][-]{chapter.2}{Baffle measurements}{}% 10
\BOOKMARK [1][-]{section.2.1}{Problematic}{chapter.2}% 11
\BOOKMARK [1][-]{section.2.2}{Grid optimization}{chapter.2}% 12
\BOOKMARK [2][-]{subsection.2.2.1}{Principle}{section.2.2}% 13
\BOOKMARK [2][-]{subsection.2.2.2}{Measurements}{section.2.2}% 14
\BOOKMARK [2][-]{subsection.2.2.3}{Discussion}{section.2.2}% 15
\BOOKMARK [2][-]{subsection.2.2.4}{Application note for baffle measurements}{section.2.2}% 16
\BOOKMARK [1][-]{section.2.3}{Estimation of baffle influence}{chapter.2}% 17
\BOOKMARK [2][-]{subsection.2.3.1}{Presentation of the prototype}{section.2.3}% 18
\BOOKMARK [2][-]{subsection.2.3.2}{Measurements}{section.2.3}% 19
\BOOKMARK [2][-]{subsection.2.3.3}{Discussion}{section.2.3}% 20
\BOOKMARK [0][-]{chapter.3}{Measurement time optimization}{}% 21
\BOOKMARK [1][-]{section.3.1}{Principle}{chapter.3}% 22
\BOOKMARK [2][-]{subsection.3.1.1}{Impact of symmetries on complex coefficients of the spherical wave expansion}{section.3.1}% 23
\BOOKMARK [2][-]{subsection.3.1.2}{Implementation}{section.3.1}% 24
\BOOKMARK [1][-]{section.3.2}{Measurements}{chapter.3}% 25
\BOOKMARK [2][-]{subsection.3.2.1}{10 cm woofer}{section.3.2}% 26
\BOOKMARK [2][-]{subsection.3.2.2}{Oval speaker}{section.3.2}% 27
\BOOKMARK [2][-]{subsection.3.2.3}{2-way "diagonal" speaker}{section.3.2}% 28
\BOOKMARK [1][-]{section.3.3}{Discussion}{chapter.3}% 29
\BOOKMARK [0][-]{chapter.4}{Room Compensation}{}% 30
\BOOKMARK [1][-]{section.4.1}{Principle}{chapter.4}% 31
\BOOKMARK [1][-]{section.4.2}{Measurements}{chapter.4}% 32
\BOOKMARK [2][-]{subsection.4.2.1}{Compensation by a Near Field measurement}{section.4.2}% 33
\BOOKMARK [2][-]{subsection.4.2.2}{D. B. Keele method for Far Field extrapolation}{section.4.2}% 34
\BOOKMARK [2][-]{subsection.4.2.3}{Measurements in the tetrahedral box}{section.4.2}% 35
\BOOKMARK [1][-]{section.4.3}{Room Correction solutions}{chapter.4}% 36
\BOOKMARK [2][-]{subsection.4.3.1}{Generation of a generic Correction Curve for the tetrahedral box}{section.4.3}% 37
\BOOKMARK [1][-]{section.4.4}{Discussion}{chapter.4}% 38
\BOOKMARK [0][-]{chapter*.27}{Conclusion}{}% 39
\BOOKMARK [0][-]{chapter*.27}{References}{}% 40
\BOOKMARK [0][-]{Appendix.a.A}{Appendix Additional figures}{}% 41
\BOOKMARK [1][-]{section.a.A.1}{Baffle measurement}{Appendix.a.A}% 42
\BOOKMARK [2][-]{subsection.a.A.1.1}{Estimation of baffle influence}{section.a.A.1}% 43
\BOOKMARK [1][-]{section.a.A.2}{Measurement time optimization}{Appendix.a.A}% 44
\BOOKMARK [2][-]{subsection.a.A.2.1}{10 cm woofer}{section.a.A.2}% 45
\BOOKMARK [2][-]{subsection.a.A.2.2}{Oval speaker}{section.a.A.2}% 46
\BOOKMARK [2][-]{subsection.a.A.2.3}{2-way "diagonal" speaker}{section.a.A.2}% 47
\BOOKMARK [1][-]{section.a.A.3}{Room Correction}{Appendix.a.A}% 48
\BOOKMARK [2][-]{subsection.a.A.3.1}{Measurements}{section.a.A.3}% 49
\BOOKMARK [2][-]{subsection.a.A.3.2}{Room Correction solutions}{section.a.A.3}% 50
\BOOKMARK [0][-]{Appendix.a.B}{Appendix Speaker library}{}% 51
\BOOKMARK [1][-]{section.a.B.1}{10 cm woofer}{Appendix.a.B}% 52
\BOOKMARK [1][-]{section.a.B.2}{Oval speaker}{Appendix.a.B}% 53
\BOOKMARK [1][-]{section.a.B.3}{16 cm fullband speaker}{Appendix.a.B}% 54
\BOOKMARK [1][-]{section.a.B.4}{2-way diagonal speaker}{Appendix.a.B}% 55
\BOOKMARK [1][-]{section.a.B.5}{18'' woofer}{Appendix.a.B}% 56
\BOOKMARK [0][-]{Appendix.a.C}{Appendix Baffle Prototype pictures}{}% 57
\BOOKMARK [0][-]{Appendix.a.D}{Appendix SciLab implementation of symmetry verification}{}% 58
\BOOKMARK [0][-]{Appendix.a.E}{Appendix Organization of the work}{}% 59
\BOOKMARK [0][-]{Appendix.a.F}{Appendix Application notes}{}% 60
\BOOKMARK [1][-]{section.a.F.1}{Baffle measurement}{Appendix.a.F}% 61
\BOOKMARK [1][-]{section.a.F.2}{Complex Room Compensation module}{Appendix.a.F}% 62
